[2025-08-26 07:26:23] CodeQuest.INFO: Appwrite client initialized successfully [] []
[2025-08-26 07:26:31] CodeQuest.INFO: Appwrite client initialized successfully [] []
[2025-08-26 07:26:37] CodeQuest.INFO: Appwrite client initialized successfully [] []
[2025-08-26 07:26:41] CodeQuest.ERROR: Database connection failed: SQLSTATE[HY000] [2002] No connection could be made because the target machine actively refused it [] []
[2025-08-26 07:26:47] CodeQuest.INFO: Appwrite client initialized successfully [] []
[2025-08-26 07:26:51] CodeQuest.ERROR: Database connection failed: SQLSTATE[HY000] [2002] No connection could be made because the target machine actively refused it [] []
[2025-08-26 07:28:53] CodeQuest.INFO: Test log message [] []
[2025-08-26 07:28:57] CodeQuest.ERROR: Database connection failed: SQLSTATE[HY000] [2002] No connection could be made because the target machine actively refused it [] []
[2025-08-26 07:28:58] CodeQuest.INFO: Appwrite client initialized successfully [] []
[2025-08-26 07:28:58] CodeQuest.INFO: Appwrite client initialized successfully [] []
[2025-08-26 07:29:02] CodeQuest.ERROR: Database connection failed: SQLSTATE[HY000] [2002] No connection could be made because the target machine actively refused it [] []
[2025-08-26 07:29:02] CodeQuest.INFO: Appwrite client initialized successfully [] []
[2025-08-26 07:29:07] CodeQuest.ERROR: Database connection failed: SQLSTATE[HY000] [2002] No connection could be made because the target machine actively refused it [] []
[2025-08-26 07:29:16] CodeQuest.INFO: Appwrite client initialized successfully [] []
[2025-08-26 07:29:21] CodeQuest.ERROR: Database connection failed: SQLSTATE[HY000] [2002] No connection could be made because the target machine actively refused it [] []
[2025-08-26 08:22:40] CodeQuest.INFO: Database connection established successfully [] []
[2025-08-26 08:28:38] CodeQuest.INFO: Appwrite client initialized successfully [] []
[2025-08-26 08:28:38] CodeQuest.INFO: Database connection established successfully [] []
[2025-08-26 08:28:38] CodeQuest.ERROR: Database query failed: SQLSTATE[42S22]: Column not found: 1054 Unknown column 'passed' in 'where clause' {"sql":"\r\n            SELECT \r\n                (SELECT COUNT(*) FROM users) as total_users,\r\n                (SELECT COUNT(*) FROM modules) as total_modules,\r\n                (SELECT COUNT(*) FROM lessons) as total_lessons,\r\n                (SELECT COUNT(*) FROM challenges) as total_challenges,\r\n                (SELECT COUNT(*) FROM challenge_attempts WHERE passed = 1) as completed_challenges,\r\n                (SELECT COUNT(*) FROM game_results) as total_games_played\r\n        ","params":[]} []
[2025-08-26 08:29:14] CodeQuest.INFO: Appwrite client initialized successfully [] []
[2025-08-26 08:29:44] CodeQuest.ERROR: API Error: AI service error: Invalid response from AI API [] []
[2025-08-26 08:29:45] CodeQuest.INFO: Appwrite client initialized successfully [] []
[2025-08-26 08:30:15] CodeQuest.ERROR: API Error: AI service error: Invalid response from AI API [] []
[2025-08-26 08:30:16] CodeQuest.INFO: Appwrite client initialized successfully [] []
[2025-08-26 08:30:46] CodeQuest.ERROR: API Error: AI service error: Invalid response from AI API [] []
[2025-08-26 08:30:47] CodeQuest.INFO: Appwrite client initialized successfully [] []
[2025-08-26 08:30:47] CodeQuest.INFO: Database connection established successfully [] []
[2025-08-26 08:30:47] CodeQuest.ERROR: Database query failed: SQLSTATE[42S22]: Column not found: 1054 Unknown column 'passed' in 'where clause' {"sql":"\r\n            SELECT \r\n                (SELECT COUNT(*) FROM users) as total_users,\r\n                (SELECT COUNT(*) FROM modules) as total_modules,\r\n                (SELECT COUNT(*) FROM lessons) as total_lessons,\r\n                (SELECT COUNT(*) FROM challenges) as total_challenges,\r\n                (SELECT COUNT(*) FROM challenge_attempts WHERE passed = 1) as completed_challenges,\r\n                (SELECT COUNT(*) FROM game_results) as total_games_played\r\n        ","params":[]} []
[2025-08-26 08:30:54] CodeQuest.INFO: Appwrite client initialized successfully [] []
[2025-08-26 08:30:54] CodeQuest.INFO: Database connection established successfully [] []
[2025-08-26 08:30:54] CodeQuest.ERROR: Database query failed: SQLSTATE[42S22]: Column not found: 1054 Unknown column 'passed' in 'where clause' {"sql":"\r\n            SELECT \r\n                (SELECT COUNT(*) FROM users) as total_users,\r\n                (SELECT COUNT(*) FROM modules) as total_modules,\r\n                (SELECT COUNT(*) FROM lessons) as total_lessons,\r\n                (SELECT COUNT(*) FROM challenges) as total_challenges,\r\n                (SELECT COUNT(*) FROM challenge_attempts WHERE passed = 1) as completed_challenges,\r\n                (SELECT COUNT(*) FROM game_results) as total_games_played\r\n        ","params":[]} []
[2025-08-26 08:32:25] CodeQuest.INFO: Appwrite client initialized successfully [] []
[2025-08-26 08:32:25] CodeQuest.INFO: Database connection established successfully [] []
[2025-08-26 08:32:25] CodeQuest.ERROR: Database query failed: SQLSTATE[42S22]: Column not found: 1054 Unknown column 'passed' in 'where clause' {"sql":"\r\n            SELECT \r\n                (SELECT COUNT(*) FROM users) as total_users,\r\n                (SELECT COUNT(*) FROM modules) as total_modules,\r\n                (SELECT COUNT(*) FROM lessons) as total_lessons,\r\n                (SELECT COUNT(*) FROM challenges) as total_challenges,\r\n                (SELECT COUNT(*) FROM challenge_attempts WHERE passed = 1) as completed_challenges,\r\n                (SELECT COUNT(*) FROM game_results) as total_games_played\r\n        ","params":[]} []
[2025-08-26 08:33:01] CodeQuest.INFO: Appwrite client initialized successfully [] []
[2025-08-26 08:33:01] CodeQuest.INFO: Database connection established successfully [] []
[2025-08-26 08:33:01] CodeQuest.ERROR: Database query failed: SQLSTATE[42S22]: Column not found: 1054 Unknown column 'passed' in 'where clause' {"sql":"\r\n            SELECT \r\n                (SELECT COUNT(*) FROM users) as total_users,\r\n                (SELECT COUNT(*) FROM modules) as total_modules,\r\n                (SELECT COUNT(*) FROM lessons) as total_lessons,\r\n                (SELECT COUNT(*) FROM challenges) as total_challenges,\r\n                (SELECT COUNT(*) FROM challenge_attempts WHERE passed = 1) as completed_challenges,\r\n                (SELECT COUNT(*) FROM game_results) as total_games_played\r\n        ","params":[]} []
[2025-08-26 08:37:07] CodeQuest.INFO: Appwrite client initialized successfully [] []
[2025-08-26 08:37:07] CodeQuest.INFO: Database connection established successfully [] []
[2025-08-26 08:37:07] CodeQuest.ERROR: Database query failed: SQLSTATE[42S22]: Column not found: 1054 Unknown column 'passed' in 'where clause' {"sql":"\r\n            SELECT \r\n                (SELECT COUNT(*) FROM users) as total_users,\r\n                (SELECT COUNT(*) FROM modules) as total_modules,\r\n                (SELECT COUNT(*) FROM lessons) as total_lessons,\r\n                (SELECT COUNT(*) FROM challenges) as total_challenges,\r\n                (SELECT COUNT(*) FROM challenge_attempts WHERE passed = 1) as completed_challenges,\r\n                (SELECT COUNT(*) FROM game_results) as total_games_played\r\n        ","params":[]} []
[2025-08-26 08:37:17] CodeQuest.INFO: Appwrite client initialized successfully [] []
[2025-08-26 08:37:17] CodeQuest.INFO: Database connection established successfully [] []
[2025-08-26 08:37:17] CodeQuest.ERROR: Database query failed: SQLSTATE[42S22]: Column not found: 1054 Unknown column 'passed' in 'where clause' {"sql":"\r\n            SELECT \r\n                (SELECT COUNT(*) FROM users) as total_users,\r\n                (SELECT COUNT(*) FROM modules) as total_modules,\r\n                (SELECT COUNT(*) FROM lessons) as total_lessons,\r\n                (SELECT COUNT(*) FROM challenges) as total_challenges,\r\n                (SELECT COUNT(*) FROM challenge_attempts WHERE passed = 1) as completed_challenges,\r\n                (SELECT COUNT(*) FROM game_results) as total_games_played\r\n        ","params":[]} []
[2025-08-26 08:37:39] CodeQuest.INFO: Appwrite client initialized successfully [] []
[2025-08-26 08:37:39] CodeQuest.INFO: Database connection established successfully [] []
[2025-08-26 08:37:39] CodeQuest.ERROR: Database query failed: SQLSTATE[42S22]: Column not found: 1054 Unknown column 'passed' in 'where clause' {"sql":"\r\n            SELECT \r\n                (SELECT COUNT(*) FROM users) as total_users,\r\n                (SELECT COUNT(*) FROM modules) as total_modules,\r\n                (SELECT COUNT(*) FROM lessons) as total_lessons,\r\n                (SELECT COUNT(*) FROM challenges) as total_challenges,\r\n                (SELECT COUNT(*) FROM challenge_attempts WHERE passed = 1) as completed_challenges,\r\n                (SELECT COUNT(*) FROM game_results) as total_games_played\r\n        ","params":[]} []
[2025-08-26 08:39:02] CodeQuest.INFO: Appwrite client initialized successfully [] []
[2025-08-26 08:39:03] CodeQuest.INFO: Database connection established successfully [] []
[2025-08-26 08:39:03] CodeQuest.ERROR: Database query failed: SQLSTATE[42S22]: Column not found: 1054 Unknown column 'passed' in 'where clause' {"sql":"\r\n            SELECT \r\n                (SELECT COUNT(*) FROM users) as total_users,\r\n                (SELECT COUNT(*) FROM modules) as total_modules,\r\n                (SELECT COUNT(*) FROM lessons) as total_lessons,\r\n                (SELECT COUNT(*) FROM challenges) as total_challenges,\r\n                (SELECT COUNT(*) FROM challenge_attempts WHERE passed = 1) as completed_challenges,\r\n                (SELECT COUNT(*) FROM game_results) as total_games_played\r\n        ","params":[]} []
[2025-08-26 08:39:40] CodeQuest.INFO: Appwrite client initialized successfully [] []
[2025-08-26 08:39:41] CodeQuest.INFO: Database connection established successfully [] []
[2025-08-26 08:39:41] CodeQuest.ERROR: Database query failed: SQLSTATE[42S22]: Column not found: 1054 Unknown column 'passed' in 'where clause' {"sql":"\r\n            SELECT \r\n                (SELECT COUNT(*) FROM users) as total_users,\r\n                (SELECT COUNT(*) FROM modules) as total_modules,\r\n                (SELECT COUNT(*) FROM lessons) as total_lessons,\r\n                (SELECT COUNT(*) FROM challenges) as total_challenges,\r\n                (SELECT COUNT(*) FROM challenge_attempts WHERE passed = 1) as completed_challenges,\r\n                (SELECT COUNT(*) FROM game_results) as total_games_played\r\n        ","params":[]} []
[2025-08-26 08:46:21] CodeQuest.INFO: Appwrite client initialized successfully [] []
[2025-08-26 08:46:21] CodeQuest.INFO: Database connection established successfully [] []
[2025-08-26 08:46:21] CodeQuest.ERROR: Database query failed: SQLSTATE[42S22]: Column not found: 1054 Unknown column 'passed' in 'where clause' {"sql":"\r\n            SELECT \r\n                (SELECT COUNT(*) FROM users) as total_users,\r\n                (SELECT COUNT(*) FROM modules) as total_modules,\r\n                (SELECT COUNT(*) FROM lessons) as total_lessons,\r\n                (SELECT COUNT(*) FROM challenges) as total_challenges,\r\n                (SELECT COUNT(*) FROM challenge_attempts WHERE passed = 1) as completed_challenges,\r\n                (SELECT COUNT(*) FROM game_results) as total_games_played\r\n        ","params":[]} []
[2025-08-26 08:48:57] CodeQuest.INFO: Appwrite client initialized successfully [] []
[2025-08-26 08:48:57] CodeQuest.INFO: Database connection established successfully [] []
[2025-08-26 08:48:57] CodeQuest.ERROR: Database query failed: SQLSTATE[42S22]: Column not found: 1054 Unknown column 'passed' in 'where clause' {"sql":"\r\n            SELECT \r\n                (SELECT COUNT(*) FROM users) as total_users,\r\n                (SELECT COUNT(*) FROM modules) as total_modules,\r\n                (SELECT COUNT(*) FROM lessons) as total_lessons,\r\n                (SELECT COUNT(*) FROM challenges) as total_challenges,\r\n                (SELECT COUNT(*) FROM challenge_attempts WHERE passed = 1) as completed_challenges,\r\n                (SELECT COUNT(*) FROM game_results) as total_games_played\r\n        ","params":[]} []
[2025-08-26 08:50:00] CodeQuest.INFO: Appwrite client initialized successfully [] []
[2025-08-26 08:50:00] CodeQuest.INFO: Database connection established successfully [] []
[2025-08-26 08:50:00] CodeQuest.ERROR: Database query failed: SQLSTATE[42S22]: Column not found: 1054 Unknown column 'passed' in 'where clause' {"sql":"\r\n            SELECT \r\n                (SELECT COUNT(*) FROM users) as total_users,\r\n                (SELECT COUNT(*) FROM modules) as total_modules,\r\n                (SELECT COUNT(*) FROM lessons) as total_lessons,\r\n                (SELECT COUNT(*) FROM challenges) as total_challenges,\r\n                (SELECT COUNT(*) FROM challenge_attempts WHERE passed = 1) as completed_challenges,\r\n                (SELECT COUNT(*) FROM game_results) as total_games_played\r\n        ","params":[]} []
[2025-08-26 08:54:10] CodeQuest.INFO: Appwrite client initialized successfully [] []
[2025-08-26 08:54:10] CodeQuest.INFO: Database connection established successfully [] []
[2025-08-26 08:58:07] CodeQuest.INFO: Appwrite client initialized successfully [] []
[2025-08-26 08:58:07] CodeQuest.INFO: Database connection established successfully [] []
[2025-08-26 09:01:16] CodeQuest.INFO: Appwrite client initialized successfully [] []
[2025-08-26 09:01:16] CodeQuest.INFO: Database connection established successfully [] []
[2025-08-26 09:01:41] CodeQuest.INFO: Appwrite client initialized successfully [] []
[2025-08-26 09:01:42] CodeQuest.INFO: Appwrite client initialized successfully [] []
[2025-08-26 09:01:43] CodeQuest.INFO: Database connection established successfully [] []
[2025-08-26 09:01:43] CodeQuest.INFO: Appwrite client initialized successfully [] []
[2025-08-26 09:01:43] CodeQuest.INFO: Database connection established successfully [] []
[2025-08-26 09:01:43] CodeQuest.ERROR: Database query failed: SQLSTATE[42S22]: Column not found: 1054 Unknown column 'm.order_index' in 'order clause' {"sql":"\r\n            SELECT m.*, \r\n                   COUNT(l.id) as lesson_count,\r\n                   COUNT(DISTINCT c.id) as challenge_count\r\n            FROM modules m\r\n            LEFT JOIN lessons l ON m.id = l.module_id\r\n            LEFT JOIN challenges c ON l.id = c.lesson_id\r\n            GROUP BY m.id\r\n            ORDER BY m.order_index\r\n        ","params":[]} []
[2025-08-26 09:02:06] CodeQuest.INFO: Appwrite client initialized successfully [] []
[2025-08-26 09:02:06] CodeQuest.INFO: Database connection established successfully [] []
[2025-08-26 09:04:37] CodeQuest.INFO: Appwrite client initialized successfully [] []
[2025-08-26 09:04:37] CodeQuest.INFO: Database connection established successfully [] []
[2025-08-26 09:11:54] CodeQuest.INFO: Appwrite client initialized successfully [] []
[2025-08-26 09:11:54] CodeQuest.INFO: Database connection established successfully [] []
[2025-08-26 09:14:23] CodeQuest.INFO: Appwrite client initialized successfully [] []
[2025-08-26 09:14:23] CodeQuest.INFO: Database connection established successfully [] []
[2025-08-26 09:14:58] CodeQuest.INFO: Appwrite client initialized successfully [] []
[2025-08-26 09:14:58] CodeQuest.INFO: Database connection established successfully [] []
[2025-08-26 09:16:06] CodeQuest.INFO: Appwrite client initialized successfully [] []
[2025-08-26 09:16:06] CodeQuest.INFO: Database connection established successfully [] []
[2025-08-26 09:16:52] CodeQuest.INFO: Appwrite client initialized successfully [] []
[2025-08-26 09:16:52] CodeQuest.INFO: Database connection established successfully [] []
[2025-08-26 09:21:38] CodeQuest.INFO: Appwrite client initialized successfully [] []
[2025-08-26 09:21:38] CodeQuest.INFO: Database connection established successfully [] []
[2025-08-26 09:22:06] CodeQuest.INFO: Appwrite client initialized successfully [] []
[2025-08-26 09:22:06] CodeQuest.INFO: Database connection established successfully [] []
[2025-08-26 09:22:20] CodeQuest.INFO: Appwrite client initialized successfully [] []
[2025-08-26 09:22:20] CodeQuest.INFO: Database connection established successfully [] []
[2025-08-26 09:23:11] CodeQuest.INFO: Appwrite client initialized successfully [] []
[2025-08-26 09:23:41] CodeQuest.ERROR: API Error: AI service error: Invalid response from AI API [] []
[2025-08-26 09:24:02] CodeQuest.INFO: Appwrite client initialized successfully [] []
[2025-08-26 09:24:32] CodeQuest.ERROR: API Error: AI service error: Invalid response from AI API [] []
[2025-08-26 09:28:42] CodeQuest.INFO: Appwrite client initialized successfully [] []
[2025-08-26 09:28:42] CodeQuest.INFO: Database connection established successfully [] []
[2025-08-26 09:28:55] CodeQuest.INFO: Appwrite client initialized successfully [] []
[2025-08-26 09:29:25] CodeQuest.ERROR: API Error: AI service error: Invalid response from AI API [] []
[2025-08-26 09:34:55] CodeQuest.INFO: Appwrite client initialized successfully [] []
[2025-08-26 09:34:55] CodeQuest.INFO: Database connection established successfully [] []
[2025-08-26 09:35:03] CodeQuest.INFO: Appwrite client initialized successfully [] []
[2025-08-26 09:35:33] CodeQuest.ERROR: API Error: AI service error: Invalid response from AI API [] []
[2025-08-26 09:35:45] CodeQuest.INFO: Appwrite client initialized successfully [] []
[2025-08-26 09:36:16] CodeQuest.ERROR: API Error: AI service error: Invalid response from AI API [] []
[2025-08-26 09:39:03] CodeQuest.INFO: Appwrite client initialized successfully [] []
[2025-08-26 09:39:33] CodeQuest.ERROR: API Error: AI service error: Invalid response from AI API [] []
[2025-08-26 09:43:48] CodeQuest.INFO: Appwrite client initialized successfully [] []
[2025-08-26 09:43:48] CodeQuest.INFO: Database connection established successfully [] []
[2025-08-26 09:43:58] CodeQuest.INFO: Appwrite client initialized successfully [] []
[2025-08-26 09:44:28] CodeQuest.ERROR: API Error: AI service error: Invalid response from AI API [] []
[2025-08-26 09:44:41] CodeQuest.INFO: Appwrite client initialized successfully [] []
[2025-08-26 09:45:11] CodeQuest.ERROR: API Error: AI service error: Invalid response from AI API [] []
[2025-08-26 09:51:53] CodeQuest.INFO: Appwrite client initialized successfully [] []
[2025-08-26 09:52:24] CodeQuest.ERROR: API Error: AI service error: Invalid response from AI API [] []
[2025-08-26 09:55:53] CodeQuest.INFO: Appwrite client initialized successfully [] []
[2025-08-26 09:55:53] CodeQuest.ERROR: API Error: Endpoint not found [] []
[2025-08-26 09:57:31] CodeQuest.INFO: Appwrite client initialized successfully [] []
[2025-08-26 09:57:31] CodeQuest.INFO: Database connection established successfully [] []
[2025-08-26 09:57:39] CodeQuest.INFO: Appwrite client initialized successfully [] []
[2025-08-26 09:58:09] CodeQuest.ERROR: API Error: AI service error: Invalid response from AI API [] []
[2025-08-26 14:35:10] CodeQuest.INFO: Appwrite client initialized successfully [] []
[2025-08-26 14:35:40] CodeQuest.ERROR: API Error: AI service error: Invalid response from AI API [] []
[2025-08-26 14:51:34] CodeQuest.INFO: Appwrite client initialized successfully [] []
[2025-08-26 14:52:04] CodeQuest.ERROR: API Error: AI service error: Invalid response from AI API [] []
[2025-08-26 14:53:20] CodeQuest.INFO: Database connection established successfully [] []
[2025-08-26 14:55:11] CodeQuest.INFO: Appwrite client initialized successfully [] []
[2025-08-26 14:55:41] CodeQuest.ERROR: API Error: AI service error: Invalid response from AI API [] []
[2025-08-26 14:55:41] CodeQuest.INFO: Appwrite client initialized successfully [] []
[2025-08-26 14:56:11] CodeQuest.ERROR: API Error: AI service error: Invalid response from AI API [] []
[2025-08-26 14:58:41] CodeQuest.INFO: Appwrite client initialized successfully [] []
[2025-08-26 14:58:54] CodeQuest.INFO: Appwrite client initialized successfully [] []
[2025-08-26 14:59:24] CodeQuest.ERROR: API Error: AI service error: Invalid response from AI API [] []
[2025-08-26 15:00:05] CodeQuest.INFO: Appwrite client initialized successfully [] []
[2025-08-26 15:00:26] CodeQuest.INFO: Appwrite client initialized successfully [] []
[2025-08-26 15:00:26] CodeQuest.INFO: Database connection established successfully [] []
[2025-08-26 15:00:36] CodeQuest.INFO: Appwrite client initialized successfully [] []
[2025-08-26 15:00:47] CodeQuest.INFO: Appwrite client initialized successfully [] []
[2025-08-26 15:01:07] CodeQuest.INFO: Appwrite client initialized successfully [] []
[2025-08-26 15:01:16] CodeQuest.INFO: Appwrite client initialized successfully [] []
[2025-08-26 15:01:27] CodeQuest.INFO: Appwrite client initialized successfully [] []
[2025-08-26 15:04:40] CodeQuest.INFO: Appwrite client initialized successfully [] []
[2025-08-26 15:05:49] CodeQuest.INFO: Appwrite client initialized successfully [] []
[2025-08-26 15:05:49] CodeQuest.INFO: Database connection established successfully [] []
[2025-08-26 15:05:57] CodeQuest.INFO: Appwrite client initialized successfully [] []
[2025-08-26 15:06:52] CodeQuest.INFO: Appwrite client initialized successfully [] []
[2025-08-26 15:08:22] CodeQuest.INFO: Appwrite client initialized successfully [] []
[2025-08-26 15:08:22] CodeQuest.INFO: Database connection established successfully [] []
[2025-08-26 15:08:44] CodeQuest.INFO: Appwrite client initialized successfully [] []
[2025-08-26 15:12:28] CodeQuest.INFO: Appwrite client initialized successfully [] []
[2025-08-26 15:12:28] CodeQuest.INFO: Database connection established successfully [] []
[2025-08-26 15:12:53] CodeQuest.INFO: Appwrite client initialized successfully [] []
[2025-08-26 15:19:38] CodeQuest.INFO: Appwrite client initialized successfully [] []
[2025-08-26 15:19:38] CodeQuest.INFO: Database connection established successfully [] []
[2025-08-26 15:19:55] CodeQuest.INFO: Appwrite client initialized successfully [] []
[2025-08-26 15:20:25] CodeQuest.INFO: Appwrite client initialized successfully [] []
[2025-08-26 15:22:00] CodeQuest.INFO: Appwrite client initialized successfully [] []
[2025-08-26 15:22:00] CodeQuest.INFO: Database connection established successfully [] []
[2025-08-26 15:22:27] CodeQuest.INFO: Appwrite client initialized successfully [] []
[2025-08-26 15:23:37] CodeQuest.INFO: Appwrite client initialized successfully [] []
[2025-08-26 15:23:59] CodeQuest.INFO: Appwrite client initialized successfully [] []
[2025-08-26 15:23:59] CodeQuest.INFO: Database connection established successfully [] []
[2025-08-26 15:24:04] CodeQuest.INFO: Appwrite client initialized successfully [] []
[2025-08-26 15:24:04] CodeQuest.INFO: Database connection established successfully [] []
[2025-08-26 15:24:06] CodeQuest.INFO: Appwrite client initialized successfully [] []
[2025-08-26 15:24:06] CodeQuest.INFO: Database connection established successfully [] []
[2025-08-26 15:24:24] CodeQuest.INFO: Appwrite client initialized successfully [] []
[2025-08-26 15:35:12] CodeQuest.INFO: Appwrite client initialized successfully [] []
[2025-08-26 15:35:12] CodeQuest.INFO: Database connection established successfully [] []
[2025-08-26 15:35:26] CodeQuest.INFO: Appwrite client initialized successfully [] []
[2025-08-26 15:39:37] CodeQuest.INFO: Appwrite client initialized successfully [] []
[2025-08-26 15:39:37] CodeQuest.INFO: Database connection established successfully [] []
[2025-08-26 15:39:50] CodeQuest.INFO: Appwrite client initialized successfully [] []
[2025-08-26 15:43:49] CodeQuest.INFO: Appwrite client initialized successfully [] []
[2025-08-26 15:43:49] CodeQuest.INFO: Database connection established successfully [] []
[2025-08-26 15:44:05] CodeQuest.INFO: Appwrite client initialized successfully [] []
[2025-08-26 15:47:43] CodeQuest.INFO: Appwrite client initialized successfully [] []
[2025-08-26 15:47:43] CodeQuest.INFO: Database connection established successfully [] []
[2025-08-26 15:47:54] CodeQuest.INFO: Appwrite client initialized successfully [] []
[2025-08-26 15:54:30] CodeQuest.INFO: Appwrite client initialized successfully [] []
[2025-08-26 15:54:30] CodeQuest.INFO: Database connection established successfully [] []
[2025-08-26 15:54:30] CodeQuest.ERROR: Database query failed: SQLSTATE[42S22]: Column not found: 1054 Unknown column 'm.order_index' in 'order clause' {"sql":"\r\n            SELECT m.*, \r\n                   COUNT(l.id) as lesson_count,\r\n                   COUNT(DISTINCT c.id) as challenge_count\r\n            FROM modules m\r\n            LEFT JOIN lessons l ON m.id = l.module_id\r\n            LEFT JOIN challenges c ON l.id = c.lesson_id\r\n            GROUP BY m.id\r\n            ORDER BY m.order_index\r\n        ","params":[]} []
[2025-08-26 15:54:36] CodeQuest.INFO: Appwrite client initialized successfully [] []
[2025-08-26 15:54:36] CodeQuest.INFO: Database connection established successfully [] []
[2025-08-26 15:54:39] CodeQuest.INFO: Appwrite client initialized successfully [] []
[2025-08-26 15:54:39] CodeQuest.INFO: Database connection established successfully [] []
[2025-08-26 15:54:39] CodeQuest.ERROR: Database query failed: SQLSTATE[42S22]: Column not found: 1054 Unknown column 'm.order_index' in 'order clause' {"sql":"\r\n            SELECT m.*, \r\n                   COUNT(l.id) as lesson_count,\r\n                   COUNT(DISTINCT c.id) as challenge_count\r\n            FROM modules m\r\n            LEFT JOIN lessons l ON m.id = l.module_id\r\n            LEFT JOIN challenges c ON l.id = c.lesson_id\r\n            GROUP BY m.id\r\n            ORDER BY m.order_index\r\n        ","params":[]} []
[2025-08-26 15:55:00] CodeQuest.INFO: Appwrite client initialized successfully [] []
[2025-08-26 15:55:00] CodeQuest.INFO: Database connection established successfully [] []
[2025-08-26 15:55:00] CodeQuest.ERROR: Database query failed: SQLSTATE[42S22]: Column not found: 1054 Unknown column 'm.order_index' in 'order clause' {"sql":"\r\n            SELECT m.*, \r\n                   COUNT(l.id) as lesson_count,\r\n                   COUNT(DISTINCT c.id) as challenge_count\r\n            FROM modules m\r\n            LEFT JOIN lessons l ON m.id = l.module_id\r\n            LEFT JOIN challenges c ON l.id = c.lesson_id\r\n            GROUP BY m.id\r\n            ORDER BY m.order_index\r\n        ","params":[]} []
[2025-08-26 15:56:41] CodeQuest.INFO: Appwrite client initialized successfully [] []
[2025-08-26 15:56:41] CodeQuest.INFO: Database connection established successfully [] []
[2025-08-26 16:02:38] CodeQuest.INFO: Appwrite client initialized successfully [] []
[2025-08-26 16:02:38] CodeQuest.INFO: Database connection established successfully [] []
[2025-08-26 16:22:57] CodeQuest.INFO: Appwrite client initialized successfully [] []
[2025-08-26 16:22:57] CodeQuest.INFO: Appwrite client initialized successfully [] []
[2025-08-26 16:22:57] CodeQuest.INFO: Database connection established successfully [] []
[2025-08-26 16:23:09] CodeQuest.INFO: Appwrite client initialized successfully [] []
[2025-08-26 16:23:09] CodeQuest.INFO: Appwrite client initialized successfully [] []
[2025-08-26 16:23:09] CodeQuest.INFO: Database connection established successfully [] []
[2025-08-26 16:24:20] CodeQuest.INFO: Appwrite client initialized successfully [] []
[2025-08-26 16:24:20] CodeQuest.INFO: Database connection established successfully [] []
[2025-08-26 16:24:56] CodeQuest.INFO: Appwrite client initialized successfully [] []
[2025-08-26 16:24:56] CodeQuest.INFO: Database connection established successfully [] []
[2025-08-26 16:24:56] CodeQuest.ERROR: Database query failed: SQLSTATE[42S22]: Column not found: 1054 Unknown column 'm.order_index' in 'order clause' {"sql":"\r\n            SELECT m.*, \r\n                   COUNT(l.id) as lesson_count,\r\n                   COUNT(DISTINCT c.id) as challenge_count\r\n            FROM modules m\r\n            LEFT JOIN lessons l ON m.id = l.module_id\r\n            LEFT JOIN challenges c ON l.id = c.lesson_id\r\n            GROUP BY m.id\r\n            ORDER BY m.order_index\r\n        ","params":[]} []
[2025-08-26 16:28:11] CodeQuest.INFO: Appwrite client initialized successfully [] []
[2025-08-26 16:28:11] CodeQuest.INFO: Database connection established successfully [] []
[2025-08-26 16:28:25] CodeQuest.INFO: Appwrite client initialized successfully [] []
[2025-08-26 16:28:25] CodeQuest.INFO: Database connection established successfully [] []
[2025-08-26 16:28:31] CodeQuest.INFO: Appwrite client initialized successfully [] []
[2025-08-26 16:28:31] CodeQuest.INFO: Database connection established successfully [] []
[2025-08-26 16:30:33] CodeQuest.INFO: Appwrite client initialized successfully [] []
[2025-08-26 16:30:33] CodeQuest.INFO: Database connection established successfully [] []
[2025-08-26 16:33:34] CodeQuest.INFO: Appwrite client initialized successfully [] []
[2025-08-26 16:33:34] CodeQuest.INFO: Database connection established successfully [] []
[2025-08-26 16:40:26] CodeQuest.INFO: Appwrite client initialized successfully [] []
[2025-08-26 16:40:27] CodeQuest.INFO: Database connection established successfully [] []
[2025-08-26 16:45:22] CodeQuest.INFO: Appwrite client initialized successfully [] []
[2025-08-26 16:45:22] CodeQuest.INFO: Database connection established successfully [] []
[2025-08-26 16:45:30] CodeQuest.INFO: Appwrite client initialized successfully [] []
[2025-08-26 16:45:30] CodeQuest.ERROR: API Error: Lesson slug required [] []
[2025-08-26 16:46:01] CodeQuest.INFO: Appwrite client initialized successfully [] []
[2025-08-26 16:46:01] CodeQuest.ERROR: API Error: Lesson slug required [] []
[2025-08-26 17:07:21] CodeQuest.INFO: Appwrite client initialized successfully [] []
[2025-08-26 17:07:21] CodeQuest.INFO: Database connection established successfully [] []
[2025-08-26 17:19:00] CodeQuest.INFO: Appwrite client initialized successfully [] []
[2025-08-26 17:19:00] CodeQuest.INFO: Database connection established successfully [] []
[2025-08-26 17:40:17] CodeQuest.INFO: Appwrite client initialized successfully [] []
[2025-08-26 17:40:17] CodeQuest.INFO: Database connection established successfully [] []
[2025-08-26 17:40:18] CodeQuest.INFO: Appwrite client initialized successfully [] []
[2025-08-26 17:40:18] CodeQuest.INFO: Database connection established successfully [] []
[2025-08-26 17:40:18] CodeQuest.INFO: Appwrite client initialized successfully [] []
[2025-08-26 17:40:18] CodeQuest.INFO: Database connection established successfully [] []
[2025-08-26 17:46:12] CodeQuest.INFO: Appwrite client initialized successfully [] []
[2025-08-26 17:46:12] CodeQuest.INFO: Appwrite client initialized successfully [] []
[2025-08-26 17:46:12] CodeQuest.INFO: Appwrite client initialized successfully [] []
[2025-08-26 17:54:18] CodeQuest.INFO: Appwrite client initialized successfully [] []
[2025-08-26 17:54:18] CodeQuest.INFO: Appwrite client initialized successfully [] []
[2025-08-26 17:54:18] CodeQuest.INFO: Appwrite client initialized successfully [] []
[2025-08-26 17:58:53] CodeQuest.INFO: Appwrite client initialized successfully [] []
[2025-08-26 17:58:53] CodeQuest.INFO: Appwrite client initialized successfully [] []
[2025-08-26 17:58:53] CodeQuest.INFO: Appwrite client initialized successfully [] []
[2025-08-26 17:59:04] CodeQuest.INFO: Appwrite client initialized successfully [] []
[2025-08-26 17:59:04] CodeQuest.INFO: Appwrite client initialized successfully [] []
[2025-08-26 17:59:04] CodeQuest.INFO: Appwrite client initialized successfully [] []
[2025-08-26 18:06:26] CodeQuest.INFO: Appwrite client initialized successfully [] []
[2025-08-26 18:06:26] CodeQuest.INFO: Database connection established successfully [] []
[2025-08-26 18:06:26] CodeQuest.INFO: Appwrite client initialized successfully [] []
[2025-08-26 18:06:26] CodeQuest.INFO: Database connection established successfully [] []
[2025-08-26 18:06:26] CodeQuest.INFO: Appwrite client initialized successfully [] []
[2025-08-26 18:06:26] CodeQuest.INFO: Database connection established successfully [] []
[2025-08-26 18:13:03] CodeQuest.INFO: Appwrite client initialized successfully [] []
[2025-08-26 18:13:03] CodeQuest.INFO: Database connection established successfully [] []
[2025-08-26 18:13:03] CodeQuest.INFO: Appwrite client initialized successfully [] []
[2025-08-26 18:13:03] CodeQuest.INFO: Database connection established successfully [] []
[2025-08-26 18:13:03] CodeQuest.INFO: Appwrite client initialized successfully [] []
[2025-08-26 18:13:03] CodeQuest.INFO: Database connection established successfully [] []
[2025-08-26 18:13:08] CodeQuest.INFO: Appwrite client initialized successfully [] []
[2025-08-26 18:13:08] CodeQuest.INFO: Database connection established successfully [] []
[2025-08-26 18:13:08] CodeQuest.INFO: Appwrite client initialized successfully [] []
[2025-08-26 18:13:08] CodeQuest.INFO: Database connection established successfully [] []
[2025-08-26 18:13:08] CodeQuest.INFO: Appwrite client initialized successfully [] []
[2025-08-26 18:13:08] CodeQuest.INFO: Database connection established successfully [] []
[2025-08-26 18:19:12] CodeQuest.INFO: Appwrite client initialized successfully [] []
[2025-08-26 18:19:12] CodeQuest.INFO: Database connection established successfully [] []
[2025-08-26 18:19:12] CodeQuest.INFO: Appwrite client initialized successfully [] []
[2025-08-26 18:19:12] CodeQuest.INFO: Database connection established successfully [] []
[2025-08-26 18:19:12] CodeQuest.INFO: Appwrite client initialized successfully [] []
[2025-08-26 18:19:13] CodeQuest.INFO: Database connection established successfully [] []
[2025-08-26 22:54:18] CodeQuest.INFO: Database connection established successfully [] []
[2025-08-26 23:06:38] CodeQuest.INFO: Appwrite client initialized successfully [] []
[2025-08-26 23:06:38] CodeQuest.INFO: Database connection established successfully [] []
[2025-08-26 23:06:38] CodeQuest.INFO: Appwrite client initialized successfully [] []
[2025-08-26 23:06:38] CodeQuest.INFO: Database connection established successfully [] []
[2025-08-26 23:06:38] CodeQuest.ERROR: Database query failed: SQLSTATE[42S22]: Column not found: 1054 Unknown column 'u.username' in 'field list' {"sql":"\r\n            SELECT \r\n                ROW_NUMBER() OVER (ORDER BY total_score DESC) as rank,\r\n                u.username,\r\n                total_score as xp,\r\n                games_played,\r\n                win_rate\r\n            FROM (\r\n                SELECT \r\n                    u.id,\r\n                    u.username,\r\n                    COALESCE(SUM(gr.score), 0) as total_score,\r\n                    COUNT(gr.id) as games_played,\r\n                    CASE \r\n                        WHEN COUNT(gr.id) > 0 THEN ROUND((COUNT(CASE WHEN gr.score >= 80 THEN 1 END) * 100.0 / COUNT(gr.id)), 0)\r\n                        ELSE 0 \r\n                    END as win_rate\r\n                FROM users u\r\n                LEFT JOIN game_results gr ON u.id = gr.user_id\r\n                GROUP BY u.id, u.username\r\n            ) ranked_users\r\n            ORDER BY total_score DESC\r\n            LIMIT 10\r\n        ","params":[]} []
[2025-08-26 23:06:38] CodeQuest.INFO: Appwrite client initialized successfully [] []
[2025-08-26 23:06:38] CodeQuest.INFO: Database connection established successfully [] []
[2025-08-26 23:07:40] CodeQuest.INFO: Database connection established successfully [] []
[2025-08-26 23:07:40] CodeQuest.ERROR: Database query failed: SQLSTATE[23000]: Integrity constraint violation: 1452 Cannot add or update a child row: a foreign key constraint fails (`codequest_db`.`game_results`, CONSTRAINT `game_results_ibfk_1` FOREIGN KEY (`user_id`) REFERENCES `users` (`id`) ON DELETE CASCADE) {"sql":"\r\n        INSERT INTO game_results (id, user_id, game_id, score, time_taken_seconds, accuracy, xp_earned, created_at) VALUES\r\n        (UUID(), \"user-1\", \"game-1\", 95, 120, 95.5, 25, NOW()),\r\n        (UUID(), \"user-1\", \"game-2\", 88, 180, 88.0, 35, NOW()),\r\n        (UUID(), \"user-1\", \"game-3\", 92, 135, 92.0, 25, NOW())\r\n    ","params":[]} []
[2025-08-26 23:11:08] CodeQuest.INFO: Appwrite client initialized successfully [] []
[2025-08-26 23:11:08] CodeQuest.INFO: Database connection established successfully [] []
[2025-08-26 23:11:08] CodeQuest.INFO: Appwrite client initialized successfully [] []
[2025-08-26 23:11:08] CodeQuest.INFO: Database connection established successfully [] []
[2025-08-26 23:11:08] CodeQuest.ERROR: Database query failed: SQLSTATE[42S22]: Column not found: 1054 Unknown column 'u.username' in 'field list' {"sql":"\r\n            SELECT \r\n                ROW_NUMBER() OVER (ORDER BY total_score DESC) as rank,\r\n                u.username,\r\n                total_score as xp,\r\n                games_played,\r\n                win_rate\r\n            FROM (\r\n                SELECT \r\n                    u.id,\r\n                    u.username,\r\n                    COALESCE(SUM(gr.score), 0) as total_score,\r\n                    COUNT(gr.id) as games_played,\r\n                    CASE \r\n                        WHEN COUNT(gr.id) > 0 THEN ROUND((COUNT(CASE WHEN gr.score >= 80 THEN 1 END) * 100.0 / COUNT(gr.id)), 0)\r\n                        ELSE 0 \r\n                    END as win_rate\r\n                FROM users u\r\n                LEFT JOIN game_results gr ON u.id = gr.user_id\r\n                GROUP BY u.id, u.username\r\n            ) ranked_users\r\n            ORDER BY total_score DESC\r\n            LIMIT 10\r\n        ","params":[]} []
[2025-08-26 23:11:08] CodeQuest.INFO: Appwrite client initialized successfully [] []
[2025-08-26 23:11:08] CodeQuest.INFO: Database connection established successfully [] []
[2025-08-26 23:11:09] CodeQuest.INFO: Database connection established successfully [] []
[2025-08-26 23:11:55] CodeQuest.INFO: Database connection established successfully [] []
[2025-08-26 23:11:55] CodeQuest.ERROR: Database query failed: SQLSTATE[23000]: Integrity constraint violation: 1452 Cannot add or update a child row: a foreign key constraint fails (`codequest_db`.`game_results`, CONSTRAINT `game_results_ibfk_1` FOREIGN KEY (`user_id`) REFERENCES `users` (`id`) ON DELETE CASCADE) {"sql":"\r\n        INSERT INTO game_results (id, user_id, game_id, score, time_taken_seconds, accuracy, xp_earned, created_at) VALUES\r\n        (UUID(), \"user-1\", \"game-1\", 95, 120, 95.5, 25, NOW()),\r\n        (UUID(), \"user-1\", \"game-2\", 88, 180, 88.0, 35, NOW()),\r\n        (UUID(), \"user-1\", \"game-3\", 92, 135, 92.0, 25, NOW())\r\n    ","params":[]} []
[2025-08-26 23:13:23] CodeQuest.INFO: Database connection established successfully [] []
[2025-08-26 23:14:54] CodeQuest.INFO: Database connection established successfully [] []
[2025-08-26 23:15:14] CodeQuest.INFO: Appwrite client initialized successfully [] []
[2025-08-26 23:15:14] CodeQuest.INFO: Database connection established successfully [] []
[2025-08-26 23:15:14] CodeQuest.INFO: Appwrite client initialized successfully [] []
[2025-08-26 23:15:14] CodeQuest.INFO: Database connection established successfully [] []
[2025-08-26 23:15:14] CodeQuest.ERROR: Database query failed: SQLSTATE[42S22]: Column not found: 1054 Unknown column 'u.username' in 'field list' {"sql":"\r\n            SELECT \r\n                ROW_NUMBER() OVER (ORDER BY total_score DESC) as rank,\r\n                u.username,\r\n                total_score as xp,\r\n                games_played,\r\n                win_rate\r\n            FROM (\r\n                SELECT \r\n                    u.id,\r\n                    u.username,\r\n                    COALESCE(SUM(gr.score), 0) as total_score,\r\n                    COUNT(gr.id) as games_played,\r\n                    CASE \r\n                        WHEN COUNT(gr.id) > 0 THEN ROUND((COUNT(CASE WHEN gr.score >= 80 THEN 1 END) * 100.0 / COUNT(gr.id)), 0)\r\n                        ELSE 0 \r\n                    END as win_rate\r\n                FROM users u\r\n                LEFT JOIN game_results gr ON u.id = gr.user_id\r\n                GROUP BY u.id, u.username\r\n            ) ranked_users\r\n            ORDER BY total_score DESC\r\n            LIMIT 10\r\n        ","params":[]} []
[2025-08-26 23:15:14] CodeQuest.INFO: Appwrite client initialized successfully [] []
[2025-08-26 23:15:14] CodeQuest.INFO: Database connection established successfully [] []
[2025-08-26 23:34:08] CodeQuest.INFO: Appwrite client initialized successfully [] []
[2025-08-26 23:34:08] CodeQuest.INFO: Database connection established successfully [] []
[2025-08-26 23:34:08] CodeQuest.INFO: Appwrite client initialized successfully [] []
[2025-08-26 23:34:08] CodeQuest.INFO: Database connection established successfully [] []
[2025-08-26 23:34:08] CodeQuest.ERROR: Database query failed: SQLSTATE[42S22]: Column not found: 1054 Unknown column 'u.username' in 'field list' {"sql":"\r\n            SELECT \r\n                ROW_NUMBER() OVER (ORDER BY total_score DESC) as rank,\r\n                u.username,\r\n                total_score as xp,\r\n                games_played,\r\n                win_rate\r\n            FROM (\r\n                SELECT \r\n                    u.id,\r\n                    u.username,\r\n                    COALESCE(SUM(gr.score), 0) as total_score,\r\n                    COUNT(gr.id) as games_played,\r\n                    CASE \r\n                        WHEN COUNT(gr.id) > 0 THEN ROUND((COUNT(CASE WHEN gr.score >= 80 THEN 1 END) * 100.0 / COUNT(gr.id)), 0)\r\n                        ELSE 0 \r\n                    END as win_rate\r\n                FROM users u\r\n                LEFT JOIN game_results gr ON u.id = gr.user_id\r\n                GROUP BY u.id, u.username\r\n            ) ranked_users\r\n            ORDER BY total_score DESC\r\n            LIMIT 10\r\n        ","params":[]} []
[2025-08-26 23:34:08] CodeQuest.INFO: Appwrite client initialized successfully [] []
[2025-08-26 23:34:09] CodeQuest.INFO: Database connection established successfully [] []
[2025-08-26 23:34:12] CodeQuest.INFO: Appwrite client initialized successfully [] []
[2025-08-26 23:34:12] CodeQuest.INFO: Database connection established successfully [] []
[2025-08-26 23:34:12] CodeQuest.INFO: Appwrite client initialized successfully [] []
[2025-08-26 23:34:12] CodeQuest.INFO: Database connection established successfully [] []
[2025-08-26 23:34:12] CodeQuest.ERROR: Database query failed: SQLSTATE[42S22]: Column not found: 1054 Unknown column 'u.username' in 'field list' {"sql":"\r\n            SELECT \r\n                ROW_NUMBER() OVER (ORDER BY total_score DESC) as rank,\r\n                u.username,\r\n                total_score as xp,\r\n                games_played,\r\n                win_rate\r\n            FROM (\r\n                SELECT \r\n                    u.id,\r\n                    u.username,\r\n                    COALESCE(SUM(gr.score), 0) as total_score,\r\n                    COUNT(gr.id) as games_played,\r\n                    CASE \r\n                        WHEN COUNT(gr.id) > 0 THEN ROUND((COUNT(CASE WHEN gr.score >= 80 THEN 1 END) * 100.0 / COUNT(gr.id)), 0)\r\n                        ELSE 0 \r\n                    END as win_rate\r\n                FROM users u\r\n                LEFT JOIN game_results gr ON u.id = gr.user_id\r\n                GROUP BY u.id, u.username\r\n            ) ranked_users\r\n            ORDER BY total_score DESC\r\n            LIMIT 10\r\n        ","params":[]} []
[2025-08-26 23:34:12] CodeQuest.INFO: Appwrite client initialized successfully [] []
[2025-08-26 23:34:12] CodeQuest.INFO: Database connection established successfully [] []
[2025-08-26 23:34:14] CodeQuest.INFO: Appwrite client initialized successfully [] []
[2025-08-26 23:34:14] CodeQuest.INFO: Database connection established successfully [] []
[2025-08-26 23:34:14] CodeQuest.INFO: Appwrite client initialized successfully [] []
[2025-08-26 23:34:14] CodeQuest.INFO: Database connection established successfully [] []
[2025-08-26 23:34:14] CodeQuest.ERROR: Database query failed: SQLSTATE[42S22]: Column not found: 1054 Unknown column 'u.username' in 'field list' {"sql":"\r\n            SELECT \r\n                ROW_NUMBER() OVER (ORDER BY total_score DESC) as rank,\r\n                u.username,\r\n                total_score as xp,\r\n                games_played,\r\n                win_rate\r\n            FROM (\r\n                SELECT \r\n                    u.id,\r\n                    u.username,\r\n                    COALESCE(SUM(gr.score), 0) as total_score,\r\n                    COUNT(gr.id) as games_played,\r\n                    CASE \r\n                        WHEN COUNT(gr.id) > 0 THEN ROUND((COUNT(CASE WHEN gr.score >= 80 THEN 1 END) * 100.0 / COUNT(gr.id)), 0)\r\n                        ELSE 0 \r\n                    END as win_rate\r\n                FROM users u\r\n                LEFT JOIN game_results gr ON u.id = gr.user_id\r\n                GROUP BY u.id, u.username\r\n            ) ranked_users\r\n            ORDER BY total_score DESC\r\n            LIMIT 10\r\n        ","params":[]} []
[2025-08-26 23:34:14] CodeQuest.INFO: Appwrite client initialized successfully [] []
[2025-08-26 23:34:14] CodeQuest.INFO: Database connection established successfully [] []
[2025-08-26 23:34:16] CodeQuest.INFO: Appwrite client initialized successfully [] []
[2025-08-26 23:34:16] CodeQuest.INFO: Database connection established successfully [] []
[2025-08-26 23:34:16] CodeQuest.INFO: Appwrite client initialized successfully [] []
[2025-08-26 23:34:16] CodeQuest.INFO: Database connection established successfully [] []
[2025-08-26 23:34:16] CodeQuest.ERROR: Database query failed: SQLSTATE[42S22]: Column not found: 1054 Unknown column 'u.username' in 'field list' {"sql":"\r\n            SELECT \r\n                ROW_NUMBER() OVER (ORDER BY total_score DESC) as rank,\r\n                u.username,\r\n                total_score as xp,\r\n                games_played,\r\n                win_rate\r\n            FROM (\r\n                SELECT \r\n                    u.id,\r\n                    u.username,\r\n                    COALESCE(SUM(gr.score), 0) as total_score,\r\n                    COUNT(gr.id) as games_played,\r\n                    CASE \r\n                        WHEN COUNT(gr.id) > 0 THEN ROUND((COUNT(CASE WHEN gr.score >= 80 THEN 1 END) * 100.0 / COUNT(gr.id)), 0)\r\n                        ELSE 0 \r\n                    END as win_rate\r\n                FROM users u\r\n                LEFT JOIN game_results gr ON u.id = gr.user_id\r\n                GROUP BY u.id, u.username\r\n            ) ranked_users\r\n            ORDER BY total_score DESC\r\n            LIMIT 10\r\n        ","params":[]} []
[2025-08-26 23:34:17] CodeQuest.INFO: Appwrite client initialized successfully [] []
[2025-08-26 23:34:17] CodeQuest.INFO: Database connection established successfully [] []
[2025-08-26 23:38:44] CodeQuest.INFO: Appwrite client initialized successfully [] []
[2025-08-26 23:38:44] CodeQuest.INFO: Database connection established successfully [] []
[2025-08-26 23:38:44] CodeQuest.INFO: Appwrite client initialized successfully [] []
[2025-08-26 23:38:44] CodeQuest.INFO: Database connection established successfully [] []
[2025-08-26 23:38:44] CodeQuest.INFO: Appwrite client initialized successfully [] []
[2025-08-26 23:38:44] CodeQuest.INFO: Database connection established successfully [] []
[2025-08-26 23:39:16] CodeQuest.INFO: Appwrite client initialized successfully [] []
[2025-08-26 23:39:16] CodeQuest.INFO: Database connection established successfully [] []
[2025-08-26 23:39:55] CodeQuest.INFO: Appwrite client initialized successfully [] []
[2025-08-26 23:39:55] CodeQuest.INFO: Database connection established successfully [] []
[2025-08-26 23:39:55] CodeQuest.INFO: Appwrite client initialized successfully [] []
[2025-08-26 23:39:55] CodeQuest.INFO: Database connection established successfully [] []
[2025-08-26 23:39:55] CodeQuest.INFO: Appwrite client initialized successfully [] []
[2025-08-26 23:39:55] CodeQuest.INFO: Database connection established successfully [] []
[2025-08-26 23:47:44] CodeQuest.INFO: Appwrite client initialized successfully [] []
[2025-08-26 23:47:44] CodeQuest.INFO: Database connection established successfully [] []
[2025-08-26 23:47:44] CodeQuest.INFO: Appwrite client initialized successfully [] []
[2025-08-26 23:47:44] CodeQuest.INFO: Database connection established successfully [] []
[2025-08-26 23:47:44] CodeQuest.INFO: Appwrite client initialized successfully [] []
[2025-08-26 23:47:44] CodeQuest.INFO: Database connection established successfully [] []
[2025-08-26 23:48:19] CodeQuest.INFO: Appwrite client initialized successfully [] []
[2025-08-26 23:48:19] CodeQuest.INFO: Database connection established successfully [] []
[2025-08-26 23:48:20] CodeQuest.INFO: Appwrite client initialized successfully [] []
[2025-08-26 23:48:20] CodeQuest.INFO: Database connection established successfully [] []
[2025-08-26 23:48:20] CodeQuest.INFO: Appwrite client initialized successfully [] []
[2025-08-26 23:48:20] CodeQuest.INFO: Database connection established successfully [] []
[2025-08-26 23:48:36] CodeQuest.INFO: Appwrite client initialized successfully [] []
[2025-08-26 23:48:36] CodeQuest.ERROR: API Error: Challenge ID required [] []
[2025-08-26 23:48:39] CodeQuest.INFO: Appwrite client initialized successfully [] []
[2025-08-26 23:48:39] CodeQuest.INFO: Database connection established successfully [] []
[2025-08-26 23:51:01] CodeQuest.INFO: Appwrite client initialized successfully [] []
[2025-08-26 23:51:01] CodeQuest.INFO: Database connection established successfully [] []
[2025-08-26 23:51:01] CodeQuest.ERROR: Database query failed: SQLSTATE[42S22]: Column not found: 1054 Unknown column 'c.sort_order' in 'order clause' {"sql":"\n                SELECT c.*, l.title as lesson_title\n                FROM challenges c\n                LEFT JOIN lessons l ON c.lesson_id = l.id\n                ORDER BY c.sort_order, c.id\n            ","params":[]} []
[2025-08-26 23:51:04] CodeQuest.INFO: Appwrite client initialized successfully [] []
[2025-08-26 23:51:04] CodeQuest.INFO: Database connection established successfully [] []
[2025-08-26 23:51:14] CodeQuest.INFO: Appwrite client initialized successfully [] []
[2025-08-26 23:51:14] CodeQuest.INFO: Database connection established successfully [] []
[2025-08-26 23:51:14] CodeQuest.ERROR: Database query failed: SQLSTATE[42S22]: Column not found: 1054 Unknown column 'c.sort_order' in 'order clause' {"sql":"\n                SELECT c.*, l.title as lesson_title\n                FROM challenges c\n                LEFT JOIN lessons l ON c.lesson_id = l.id\n                ORDER BY c.sort_order, c.id\n            ","params":[]} []
[2025-08-26 23:51:16] CodeQuest.INFO: Appwrite client initialized successfully [] []
[2025-08-26 23:51:16] CodeQuest.INFO: Database connection established successfully [] []
