[2025-08-27 00:21:05] CodeQuest.INFO: Appwrite client initialized successfully [] []
[2025-08-27 00:21:05] CodeQuest.INFO: Database connection established successfully [] []
[2025-08-27 00:21:05] CodeQuest.ERROR: Database query failed: SQLSTATE[42S22]: Column not found: 1054 Unknown column 'c.sort_order' in 'order clause' {"sql":"\n                SELECT c.*, l.title as lesson_title\n                FROM challenges c\n                LEFT JOIN lessons l ON c.lesson_id = l.id\n                ORDER BY c.sort_order, c.id\n            ","params":[]} []
[2025-08-27 00:21:45] CodeQuest.INFO: Appwrite client initialized successfully [] []
[2025-08-27 00:21:45] CodeQuest.INFO: Database connection established successfully [] []
[2025-08-27 00:21:45] CodeQuest.ERROR: Database query failed: SQLSTATE[42S22]: Column not found: 1054 Unknown column 'c.sort_order' in 'order clause' {"sql":"\n                SELECT c.*, l.title as lesson_title\n                FROM challenges c\n                LEFT JOIN lessons l ON c.lesson_id = l.id\n                ORDER BY c.sort_order, c.id\n            ","params":[]} []
[2025-08-27 00:24:53] CodeQuest.INFO: Appwrite client initialized successfully [] []
[2025-08-27 00:24:53] CodeQuest.INFO: Database connection established successfully [] []
[2025-08-27 00:24:53] CodeQuest.ERROR: Database query failed: SQLSTATE[42S22]: Column not found: 1054 Unknown column 'c.sort_order' in 'order clause' {"sql":"\n                SELECT c.*, l.title as lesson_title\n                FROM challenges c\n                LEFT JOIN lessons l ON c.lesson_id = l.id\n                ORDER BY c.sort_order, c.id\n            ","params":[]} []
[2025-08-27 00:24:55] CodeQuest.INFO: Appwrite client initialized successfully [] []
[2025-08-27 00:24:55] CodeQuest.INFO: Database connection established successfully [] []
[2025-08-27 00:25:07] CodeQuest.INFO: Appwrite client initialized successfully [] []
[2025-08-27 00:25:07] CodeQuest.INFO: Database connection established successfully [] []
[2025-08-27 00:25:07] CodeQuest.INFO: Appwrite client initialized successfully [] []
[2025-08-27 00:25:07] CodeQuest.INFO: Database connection established successfully [] []
[2025-08-27 00:25:22] CodeQuest.INFO: Appwrite client initialized successfully [] []
[2025-08-27 00:25:22] CodeQuest.INFO: Database connection established successfully [] []
[2025-08-27 00:25:22] CodeQuest.INFO: Appwrite client initialized successfully [] []
[2025-08-27 00:25:22] CodeQuest.INFO: Database connection established successfully [] []
[2025-08-27 00:25:22] CodeQuest.INFO: Appwrite client initialized successfully [] []
[2025-08-27 00:25:22] CodeQuest.INFO: Database connection established successfully [] []
[2025-08-27 00:51:02] CodeQuest.INFO: Database connection established successfully [] []
[2025-08-27 00:57:47] CodeQuest.INFO: Appwrite client initialized successfully [] []
[2025-08-27 00:57:47] CodeQuest.INFO: Database connection established successfully [] []
[2025-08-27 00:57:47] CodeQuest.INFO: Appwrite client initialized successfully [] []
[2025-08-27 00:57:47] CodeQuest.INFO: Database connection established successfully [] []
[2025-08-27 00:57:47] CodeQuest.INFO: Appwrite client initialized successfully [] []
[2025-08-27 00:57:47] CodeQuest.INFO: Database connection established successfully [] []
[2025-08-27 00:57:51] CodeQuest.INFO: Appwrite client initialized successfully [] []
[2025-08-27 00:57:51] CodeQuest.INFO: Database connection established successfully [] []
[2025-08-27 00:57:56] CodeQuest.INFO: Appwrite client initialized successfully [] []
[2025-08-27 00:57:56] CodeQuest.INFO: Database connection established successfully [] []
[2025-08-27 00:57:56] CodeQuest.INFO: Appwrite client initialized successfully [] []
[2025-08-27 00:57:56] CodeQuest.INFO: Database connection established successfully [] []
[2025-08-27 00:57:57] CodeQuest.INFO: Appwrite client initialized successfully [] []
[2025-08-27 00:57:57] CodeQuest.INFO: Database connection established successfully [] []
[2025-08-27 01:04:27] CodeQuest.INFO: Database connection established successfully [] []
[2025-08-27 01:12:26] CodeQuest.INFO: Appwrite client initialized successfully [] []
[2025-08-27 01:12:26] CodeQuest.INFO: Database connection established successfully [] []
[2025-08-27 01:12:26] CodeQuest.INFO: Appwrite client initialized successfully [] []
[2025-08-27 01:12:26] CodeQuest.INFO: Database connection established successfully [] []
[2025-08-27 01:12:26] CodeQuest.INFO: Appwrite client initialized successfully [] []
[2025-08-27 01:12:26] CodeQuest.INFO: Database connection established successfully [] []
[2025-08-27 01:16:46] CodeQuest.INFO: Appwrite client initialized successfully [] []
[2025-08-27 01:16:46] CodeQuest.INFO: Database connection established successfully [] []
[2025-08-27 01:16:46] CodeQuest.INFO: Appwrite client initialized successfully [] []
[2025-08-27 01:16:46] CodeQuest.INFO: Database connection established successfully [] []
[2025-08-27 01:16:46] CodeQuest.INFO: Appwrite client initialized successfully [] []
[2025-08-27 01:16:46] CodeQuest.INFO: Database connection established successfully [] []
[2025-08-27 01:21:30] CodeQuest.INFO: Appwrite client initialized successfully [] []
[2025-08-27 01:21:30] CodeQuest.INFO: Database connection established successfully [] []
[2025-08-27 01:21:30] CodeQuest.INFO: Appwrite client initialized successfully [] []
[2025-08-27 01:21:30] CodeQuest.INFO: Database connection established successfully [] []
[2025-08-27 01:21:30] CodeQuest.INFO: Appwrite client initialized successfully [] []
[2025-08-27 01:21:30] CodeQuest.INFO: Database connection established successfully [] []
[2025-08-27 01:29:06] CodeQuest.INFO: Appwrite client initialized successfully [] []
[2025-08-27 01:29:06] CodeQuest.INFO: Database connection established successfully [] []
[2025-08-27 01:29:06] CodeQuest.INFO: Appwrite client initialized successfully [] []
[2025-08-27 01:29:06] CodeQuest.INFO: Database connection established successfully [] []
[2025-08-27 01:29:06] CodeQuest.INFO: Appwrite client initialized successfully [] []
[2025-08-27 01:29:06] CodeQuest.INFO: Database connection established successfully [] []
[2025-08-27 04:53:36] CodeQuest.INFO: Appwrite client initialized successfully [] []
[2025-08-27 04:53:36] CodeQuest.INFO: Database connection established successfully [] []
[2025-08-27 04:53:36] CodeQuest.INFO: Appwrite client initialized successfully [] []
[2025-08-27 04:53:36] CodeQuest.INFO: Database connection established successfully [] []
[2025-08-27 04:53:36] CodeQuest.INFO: Appwrite client initialized successfully [] []
[2025-08-27 04:53:36] CodeQuest.INFO: Database connection established successfully [] []
[2025-08-27 05:14:17] CodeQuest.INFO: Appwrite client initialized successfully [] []
[2025-08-27 05:14:17] CodeQuest.INFO: Database connection established successfully [] []
[2025-08-27 05:26:04] CodeQuest.INFO: Appwrite client initialized successfully [] []
[2025-08-27 05:26:04] CodeQuest.INFO: Database connection established successfully [] []
[2025-08-27 05:26:04] CodeQuest.INFO: Appwrite client initialized successfully [] []
[2025-08-27 05:26:04] CodeQuest.INFO: Database connection established successfully [] []
[2025-08-27 05:26:04] CodeQuest.INFO: Appwrite client initialized successfully [] []
[2025-08-27 05:26:04] CodeQuest.INFO: Database connection established successfully [] []
[2025-08-27 05:41:59] CodeQuest.INFO: Appwrite client initialized successfully [] []
[2025-08-27 05:41:59] CodeQuest.INFO: Database connection established successfully [] []
[2025-08-27 05:41:59] CodeQuest.ERROR: Database query failed: SQLSTATE[42S22]: Column not found: 1054 Unknown column 'c.sort_order' in 'order clause' {"sql":"\n                SELECT c.*, l.title as lesson_title\n                FROM challenges c\n                LEFT JOIN lessons l ON c.lesson_id = l.id\n                ORDER BY c.sort_order, c.id\n            ","params":[]} []
[2025-08-27 05:42:14] CodeQuest.INFO: Appwrite client initialized successfully [] []
[2025-08-27 05:42:14] CodeQuest.INFO: Database connection established successfully [] []
[2025-08-27 05:42:14] CodeQuest.INFO: Appwrite client initialized successfully [] []
[2025-08-27 05:42:14] CodeQuest.INFO: Database connection established successfully [] []
[2025-08-27 08:57:57] CodeQuest.INFO: Appwrite client initialized successfully [] []
[2025-08-27 08:57:57] CodeQuest.INFO: Database connection established successfully [] []
[2025-08-27 09:30:38] CodeQuest.INFO: Appwrite client initialized successfully [] []
[2025-08-27 09:30:38] CodeQuest.INFO: Database connection established successfully [] []
[2025-08-27 09:51:37] CodeQuest.INFO: Appwrite client initialized successfully [] []
[2025-08-27 09:51:37] CodeQuest.INFO: Database connection established successfully [] []
[2025-08-27 09:51:42] CodeQuest.INFO: Appwrite client initialized successfully [] []
[2025-08-27 09:51:42] CodeQuest.INFO: Database connection established successfully [] []
[2025-08-27 10:01:48] CodeQuest.INFO: Database connection established successfully [] []
[2025-08-27 10:06:09] CodeQuest.INFO: Database connection established successfully [] []
[2025-08-27 10:14:25] CodeQuest.INFO: Appwrite client initialized successfully [] []
[2025-08-27 10:14:25] CodeQuest.INFO: Database connection established successfully [] []
[2025-08-27 10:17:27] CodeQuest.INFO: Appwrite client initialized successfully [] []
[2025-08-27 10:17:27] CodeQuest.INFO: Database connection established successfully [] []
[2025-08-27 10:26:03] CodeQuest.INFO: Appwrite client initialized successfully [] []
[2025-08-27 10:26:03] CodeQuest.INFO: Database connection established successfully [] []
[2025-08-27 10:50:56] CodeQuest.INFO: Database connection established successfully [] []
[2025-08-27 10:50:56] CodeQuest.INFO: Appwrite client initialized successfully [] []
[2025-08-27 10:50:56] CodeQuest.INFO: Database connection established successfully [] []
[2025-08-27 10:57:24] CodeQuest.INFO: Appwrite client initialized successfully [] []
[2025-08-27 10:57:24] CodeQuest.INFO: Database connection established successfully [] []
[2025-08-27 11:16:13] CodeQuest.INFO: Appwrite client initialized successfully [] []
[2025-08-27 11:16:13] CodeQuest.INFO: Database connection established successfully [] []
[2025-08-27 11:16:19] CodeQuest.INFO: Appwrite client initialized successfully [] []
[2025-08-27 11:16:19] CodeQuest.INFO: Appwrite client initialized successfully [] []
[2025-08-27 11:19:16] CodeQuest.INFO: Appwrite client initialized successfully [] []
[2025-08-27 11:19:16] CodeQuest.INFO: Database connection established successfully [] []
[2025-08-27 11:19:21] CodeQuest.INFO: Appwrite client initialized successfully [] []
[2025-08-27 11:19:22] CodeQuest.INFO: Appwrite client initialized successfully [] []
[2025-08-27 11:24:09] CodeQuest.INFO: Database connection established successfully [] []
[2025-08-27 11:29:40] CodeQuest.INFO: Appwrite client initialized successfully [] []
[2025-08-27 11:29:40] CodeQuest.INFO: Database connection established successfully [] []
[2025-08-27 11:29:47] CodeQuest.INFO: Appwrite client initialized successfully [] []
[2025-08-27 11:29:47] CodeQuest.INFO: Appwrite client initialized successfully [] []
[2025-08-27 11:30:27] CodeQuest.INFO: Appwrite client initialized successfully [] []
[2025-08-27 11:30:27] CodeQuest.INFO: Database connection established successfully [] []
[2025-08-27 11:33:36] CodeQuest.INFO: Database connection established successfully [] []
[2025-08-27 11:37:36] CodeQuest.INFO: Appwrite client initialized successfully [] []
[2025-08-27 11:37:36] CodeQuest.INFO: Database connection established successfully [] []
[2025-08-27 11:37:43] CodeQuest.INFO: Appwrite client initialized successfully [] []
[2025-08-27 11:37:43] CodeQuest.INFO: Appwrite client initialized successfully [] []
[2025-08-27 11:39:59] CodeQuest.INFO: Appwrite client initialized successfully [] []
[2025-08-27 11:40:00] CodeQuest.INFO: Database connection established successfully [] []
[2025-08-27 11:40:20] CodeQuest.INFO: Appwrite client initialized successfully [] []
[2025-08-27 11:40:20] CodeQuest.INFO: Appwrite client initialized successfully [] []
[2025-08-27 11:43:10] CodeQuest.INFO: Appwrite client initialized successfully [] []
[2025-08-27 11:43:10] CodeQuest.INFO: Database connection established successfully [] []
[2025-08-27 11:43:18] CodeQuest.INFO: Appwrite client initialized successfully [] []
[2025-08-27 11:43:18] CodeQuest.INFO: Database connection established successfully [] []
[2025-08-27 11:43:18] CodeQuest.INFO: Appwrite client initialized successfully [] []
[2025-08-27 11:43:18] CodeQuest.INFO: Database connection established successfully [] []
[2025-08-27 11:45:58] CodeQuest.INFO: Appwrite client initialized successfully [] []
[2025-08-27 11:45:58] CodeQuest.INFO: Database connection established successfully [] []
[2025-08-27 11:46:07] CodeQuest.INFO: Appwrite client initialized successfully [] []
[2025-08-27 11:46:07] CodeQuest.INFO: Database connection established successfully [] []
[2025-08-27 11:46:07] CodeQuest.INFO: User registered successfully {"user_id":"3e0cb500-819c-9e22-9559-60fa77bd0267","username":"umerali","email":"umerali@gmail.com"} []
[2025-08-27 11:46:07] CodeQuest.INFO: Appwrite client initialized successfully [] []
[2025-08-27 11:46:07] CodeQuest.INFO: Database connection established successfully [] []
[2025-08-27 11:46:08] CodeQuest.INFO: Appwrite client initialized successfully [] []
[2025-08-27 11:46:08] CodeQuest.INFO: Database connection established successfully [] []
[2025-08-27 11:46:41] CodeQuest.INFO: Appwrite client initialized successfully [] []
[2025-08-27 11:46:41] CodeQuest.INFO: Database connection established successfully [] []
[2025-08-27 11:46:41] CodeQuest.INFO: Appwrite client initialized successfully [] []
[2025-08-27 11:46:41] CodeQuest.INFO: Database connection established successfully [] []
[2025-08-27 11:47:57] CodeQuest.INFO: Appwrite client initialized successfully [] []
[2025-08-27 11:47:57] CodeQuest.INFO: Database connection established successfully [] []
[2025-08-27 11:47:57] CodeQuest.INFO: Appwrite client initialized successfully [] []
[2025-08-27 11:47:57] CodeQuest.INFO: Database connection established successfully [] []
[2025-08-27 11:47:57] CodeQuest.INFO: Appwrite client initialized successfully [] []
[2025-08-27 11:47:57] CodeQuest.INFO: Database connection established successfully [] []
[2025-08-27 11:48:09] CodeQuest.INFO: Appwrite client initialized successfully [] []
[2025-08-27 11:48:09] CodeQuest.INFO: Database connection established successfully [] []
[2025-08-27 11:48:09] CodeQuest.INFO: Appwrite client initialized successfully [] []
[2025-08-27 11:48:09] CodeQuest.INFO: Database connection established successfully [] []
[2025-08-27 11:48:09] CodeQuest.INFO: Appwrite client initialized successfully [] []
[2025-08-27 11:48:09] CodeQuest.INFO: Database connection established successfully [] []
[2025-08-27 11:49:03] CodeQuest.INFO: Appwrite client initialized successfully [] []
[2025-08-27 11:49:03] CodeQuest.INFO: Database connection established successfully [] []
[2025-08-27 11:49:13] CodeQuest.INFO: Appwrite client initialized successfully [] []
[2025-08-27 11:49:13] CodeQuest.INFO: Database connection established successfully [] []
[2025-08-27 11:49:13] CodeQuest.INFO: Appwrite client initialized successfully [] []
[2025-08-27 11:49:13] CodeQuest.INFO: Database connection established successfully [] []
[2025-08-27 11:58:46] CodeQuest.INFO: Appwrite client initialized successfully [] []
[2025-08-27 11:58:46] CodeQuest.INFO: Appwrite client initialized successfully [] []
[2025-08-27 11:58:48] CodeQuest.ERROR: Appwrite user creation failed: Invalid `userId` param: Parameter must contain at most 36 chars. Valid chars are a-z, A-Z, 0-9, period, hyphen, and underscore. Can't start with a special char [] []
[2025-08-27 12:00:32] CodeQuest.INFO: Appwrite client initialized successfully [] []
[2025-08-27 12:00:32] CodeQuest.INFO: Appwrite client initialized successfully [] []
[2025-08-27 12:00:33] CodeQuest.ERROR: Appwrite user creation failed: Invalid `phone` param: Phone number must start with a '+' can have a maximum of fifteen digits. [] []
[2025-08-27 12:02:11] CodeQuest.INFO: Appwrite client initialized successfully [] []
[2025-08-27 12:02:11] CodeQuest.INFO: Appwrite client initialized successfully [] []
[2025-08-27 12:02:12] CodeQuest.ERROR: Appwrite user creation failed: Invalid `phone` param: Phone number must start with a '+' can have a maximum of fifteen digits. [] []
[2025-08-27 12:03:51] CodeQuest.INFO: Appwrite client initialized successfully [] []
[2025-08-27 12:03:51] CodeQuest.INFO: Appwrite client initialized successfully [] []
[2025-08-27 12:03:52] CodeQuest.ERROR: Appwrite user creation failed: Invalid `phone` param: Phone number must start with a '+' can have a maximum of fifteen digits. [] []
[2025-08-27 12:03:53] CodeQuest.ERROR: Appwrite user creation with phone failed: Invalid `phone` param: Phone number must start with a '+' can have a maximum of fifteen digits. [] []
[2025-08-27 12:08:43] CodeQuest.INFO: Appwrite client initialized successfully [] []
[2025-08-27 12:08:43] CodeQuest.INFO: Appwrite client initialized successfully [] []
[2025-08-27 12:08:44] CodeQuest.ERROR: Appwrite user creation failed: Invalid `phone` param: Phone number must start with a '+' can have a maximum of fifteen digits. [] []
[2025-08-27 12:08:45] CodeQuest.ERROR: Appwrite user creation with phone failed: Invalid `phone` param: Phone number must start with a '+' can have a maximum of fifteen digits. [] []
[2025-08-27 12:09:14] CodeQuest.ERROR: Final Appwrite user creation attempt failed: Invalid `phone` param: Phone number must start with a '+' can have a maximum of fifteen digits. [] []
[2025-08-27 12:11:55] CodeQuest.INFO: Appwrite client initialized successfully [] []
[2025-08-27 12:11:55] CodeQuest.INFO: Appwrite client initialized successfully [] []
[2025-08-27 12:11:56] CodeQuest.ERROR: Appwrite user creation failed: Invalid `phone` param: Phone number must start with a '+' can have a maximum of fifteen digits. [] []
[2025-08-27 12:13:44] CodeQuest.INFO: Appwrite client initialized successfully [] []
[2025-08-27 12:13:44] CodeQuest.INFO: Appwrite client initialized successfully [] []
[2025-08-27 12:13:46] CodeQuest.ERROR: Appwrite user creation failed: Invalid `phone` param: Phone number must start with a '+' can have a maximum of fifteen digits. [] []
[2025-08-27 12:16:35] CodeQuest.INFO: Appwrite client initialized successfully [] []
[2025-08-27 12:16:35] CodeQuest.INFO: Appwrite client initialized successfully [] []
[2025-08-27 12:16:36] CodeQuest.INFO: User registered successfully via Appwrite {"user_id":"68aedbdb2e1f05052f72","username":"testuser","email":"test@example.com"} []
[2025-08-27 12:16:53] CodeQuest.INFO: Appwrite client initialized successfully [] []
[2025-08-27 12:16:53] CodeQuest.INFO: Appwrite client initialized successfully [] []
[2025-08-27 12:21:07] CodeQuest.INFO: Appwrite client initialized successfully [] []
[2025-08-27 12:21:07] CodeQuest.INFO: Appwrite client initialized successfully [] []
[2025-08-27 12:23:53] CodeQuest.INFO: Appwrite client initialized successfully [] []
[2025-08-27 12:23:53] CodeQuest.INFO: Appwrite client initialized successfully [] []
[2025-08-27 12:23:56] CodeQuest.INFO: User logged in successfully via Appwrite {"user_id":"68aedbdb2e1f05052f72","email":"test@example.com"} []
[2025-08-27 12:24:36] CodeQuest.INFO: Appwrite client initialized successfully [] []
[2025-08-27 12:24:36] CodeQuest.INFO: Appwrite client initialized successfully [] []
[2025-08-27 12:24:37] CodeQuest.INFO: User registered successfully via Appwrite {"user_id":"68aeddbc137532b722fe","username":"umerali","email":"umerali@gmail.com"} []
[2025-08-27 12:24:37] CodeQuest.INFO: Appwrite client initialized successfully [] []
[2025-08-27 12:24:37] CodeQuest.INFO: Appwrite client initialized successfully [] []
[2025-08-27 12:24:38] CodeQuest.ERROR: Appwrite user creation failed: A user with the same id, email, or phone already exists in this project. [] []
[2025-08-27 12:24:38] CodeQuest.INFO: Appwrite client initialized successfully [] []
[2025-08-27 12:24:38] CodeQuest.INFO: Database connection established successfully [] []
[2025-08-27 12:29:42] CodeQuest.INFO: Appwrite client initialized successfully [] []
[2025-08-27 12:29:42] CodeQuest.INFO: Appwrite client initialized successfully [] []
[2025-08-27 12:29:43] CodeQuest.ERROR: Appwrite authentication failed: Invalid credentials. Please check the email and password. [] []
[2025-08-27 12:29:43] CodeQuest.INFO: Appwrite client initialized successfully [] []
[2025-08-27 12:29:43] CodeQuest.INFO: Appwrite client initialized successfully [] []
[2025-08-27 12:29:44] CodeQuest.ERROR: Appwrite authentication failed: Invalid credentials. Please check the email and password. [] []
[2025-08-27 12:30:28] CodeQuest.INFO: Appwrite client initialized successfully [] []
[2025-08-27 12:30:28] CodeQuest.INFO: Database connection established successfully [] []
[2025-08-27 12:30:28] CodeQuest.INFO: Appwrite client initialized successfully [] []
[2025-08-27 12:30:28] CodeQuest.INFO: Database connection established successfully [] []
[2025-08-27 12:30:28] CodeQuest.INFO: Appwrite client initialized successfully [] []
[2025-08-27 12:30:28] CodeQuest.INFO: Database connection established successfully [] []
[2025-08-27 12:30:50] CodeQuest.INFO: Appwrite client initialized successfully [] []
[2025-08-27 12:30:50] CodeQuest.INFO: Appwrite client initialized successfully [] []
[2025-08-27 12:30:51] CodeQuest.ERROR: Appwrite authentication failed: Invalid credentials. Please check the email and password. [] []
[2025-08-27 12:30:51] CodeQuest.INFO: Appwrite client initialized successfully [] []
[2025-08-27 12:30:51] CodeQuest.INFO: Appwrite client initialized successfully [] []
[2025-08-27 12:30:53] CodeQuest.ERROR: Appwrite authentication failed: Invalid credentials. Please check the email and password. [] []
[2025-08-27 12:33:52] CodeQuest.INFO: Appwrite client initialized successfully [] []
[2025-08-27 12:33:52] CodeQuest.INFO: Appwrite client initialized successfully [] []
[2025-08-27 12:34:17] CodeQuest.INFO: User registered successfully via Appwrite {"user_id":"68aee0004e14be1f0542","username":"testuser2","email":"test2@example.com"} []
[2025-08-27 12:35:15] CodeQuest.INFO: Appwrite client initialized successfully [] []
[2025-08-27 12:35:15] CodeQuest.INFO: Appwrite client initialized successfully [] []
[2025-08-27 12:35:17] CodeQuest.ERROR: Failed to get Appwrite user data: app.68ad2f3400028ae2b8e5@service.fra.cloud.appwrite.io (role: applications) missing scopes (["account"]) [] []
[2025-08-27 12:36:44] CodeQuest.INFO: Appwrite client initialized successfully [] []
[2025-08-27 12:36:44] CodeQuest.INFO: Appwrite client initialized successfully [] []
[2025-08-27 12:36:47] CodeQuest.INFO: User logged in successfully via Appwrite {"user_id":"68aedbdb2e1f05052f72","email":"test@example.com"} []
[2025-08-27 12:38:11] CodeQuest.INFO: Appwrite client initialized successfully [] []
[2025-08-27 12:38:11] CodeQuest.INFO: Database connection established successfully [] []
[2025-08-27 12:38:11] CodeQuest.INFO: Appwrite client initialized successfully [] []
[2025-08-27 12:38:11] CodeQuest.INFO: Database connection established successfully [] []
[2025-08-27 12:38:11] CodeQuest.INFO: Appwrite client initialized successfully [] []
[2025-08-27 12:38:11] CodeQuest.INFO: Database connection established successfully [] []
[2025-08-27 12:38:23] CodeQuest.INFO: Appwrite client initialized successfully [] []
[2025-08-27 12:38:23] CodeQuest.INFO: Appwrite client initialized successfully [] []
[2025-08-27 12:38:33] CodeQuest.ERROR: Appwrite authentication failed: Invalid credentials. Please check the email and password. [] []
[2025-08-27 12:38:33] CodeQuest.INFO: Appwrite client initialized successfully [] []
[2025-08-27 12:38:33] CodeQuest.INFO: Appwrite client initialized successfully [] []
[2025-08-27 12:38:35] CodeQuest.ERROR: Appwrite authentication failed: Invalid credentials. Please check the email and password. [] []
[2025-08-27 12:38:35] CodeQuest.INFO: Appwrite client initialized successfully [] []
[2025-08-27 12:38:35] CodeQuest.INFO: Appwrite client initialized successfully [] []
[2025-08-27 12:38:36] CodeQuest.ERROR: Appwrite authentication failed: Invalid credentials. Please check the email and password. [] []
[2025-08-27 12:38:36] CodeQuest.INFO: Appwrite client initialized successfully [] []
[2025-08-27 12:38:36] CodeQuest.INFO: Appwrite client initialized successfully [] []
[2025-08-27 12:38:37] CodeQuest.ERROR: Appwrite authentication failed: Invalid credentials. Please check the email and password. [] []
[2025-08-27 12:39:19] CodeQuest.INFO: Appwrite client initialized successfully [] []
[2025-08-27 12:39:19] CodeQuest.INFO: Appwrite client initialized successfully [] []
[2025-08-27 12:39:20] CodeQuest.INFO: User registered successfully via Appwrite {"user_id":"68aee12f7bc966c4976b","username":"debuguser","email":"debug@example.com"} []
[2025-08-27 12:39:31] CodeQuest.INFO: Appwrite client initialized successfully [] []
[2025-08-27 12:39:31] CodeQuest.INFO: Appwrite client initialized successfully [] []
[2025-08-27 12:39:33] CodeQuest.INFO: User logged in successfully via Appwrite {"user_id":"68aee12f7bc966c4976b","email":"debug@example.com"} []
[2025-08-27 12:40:07] CodeQuest.INFO: Appwrite client initialized successfully [] []
[2025-08-27 12:40:07] CodeQuest.INFO: Appwrite client initialized successfully [] []
[2025-08-27 12:40:09] CodeQuest.INFO: User logged in successfully via Appwrite {"user_id":"68aedbdb2e1f05052f72","email":"test@example.com"} []
[2025-08-27 12:44:06] CodeQuest.INFO: Appwrite client initialized successfully [] []
[2025-08-27 12:44:06] CodeQuest.INFO: Database connection established successfully [] []
[2025-08-27 12:44:06] CodeQuest.INFO: Appwrite client initialized successfully [] []
[2025-08-27 12:44:06] CodeQuest.INFO: Database connection established successfully [] []
[2025-08-27 12:44:06] CodeQuest.INFO: Appwrite client initialized successfully [] []
[2025-08-27 12:44:06] CodeQuest.INFO: Database connection established successfully [] []
[2025-08-27 12:44:18] CodeQuest.INFO: Appwrite client initialized successfully [] []
[2025-08-27 12:44:18] CodeQuest.INFO: Appwrite client initialized successfully [] []
[2025-08-27 12:44:18] CodeQuest.INFO: Login attempt received {"raw_input":"{\"email\":\"umerali@gmai.com\",\"password\":\"12345678\"}","parsed_input":{"email":"umerali@gmai.com","password":"12345678"},"email":"umerali@gmai.com","password_length":8} []
[2025-08-27 12:44:18] CodeQuest.INFO: Attempting Appwrite authentication {"email":"umerali@gmai.com"} []
[2025-08-27 12:44:20] CodeQuest.ERROR: Appwrite authentication failed: Invalid credentials. Please check the email and password. [] []
[2025-08-27 12:44:20] CodeQuest.ERROR: Login failed: Appwrite authentication failed {"email":"umerali@gmai.com"} []
[2025-08-27 12:44:20] CodeQuest.INFO: Appwrite client initialized successfully [] []
[2025-08-27 12:44:20] CodeQuest.INFO: Appwrite client initialized successfully [] []
[2025-08-27 12:44:20] CodeQuest.INFO: Login attempt received {"raw_input":"{\"email\":\"umerali@gmai.com\",\"password\":\"12345678\"}","parsed_input":{"email":"umerali@gmai.com","password":"12345678"},"email":"umerali@gmai.com","password_length":8} []
[2025-08-27 12:44:20] CodeQuest.INFO: Attempting Appwrite authentication {"email":"umerali@gmai.com"} []
[2025-08-27 12:44:20] CodeQuest.ERROR: Appwrite authentication failed: Invalid credentials. Please check the email and password. [] []
[2025-08-27 12:44:20] CodeQuest.ERROR: Login failed: Appwrite authentication failed {"email":"umerali@gmai.com"} []
[2025-08-27 12:45:23] CodeQuest.INFO: Appwrite client initialized successfully [] []
[2025-08-27 12:45:23] CodeQuest.INFO: Appwrite client initialized successfully [] []
[2025-08-27 12:45:23] CodeQuest.INFO: Login attempt received {"raw_input":"{\"email\":\"debug@example.com\",\"password\":\"debugpass123\"}","parsed_input":{"email":"debug@example.com","password":"debugpass123"},"email":"debug@example.com","password_length":12} []
[2025-08-27 12:45:23] CodeQuest.INFO: Attempting Appwrite authentication {"email":"debug@example.com"} []
[2025-08-27 12:45:25] CodeQuest.INFO: Appwrite authentication successful {"user_id":"68aee12f7bc966c4976b","email":"debug@example.com"} []
[2025-08-27 12:45:25] CodeQuest.INFO: User logged in successfully via Appwrite {"user_id":"68aee12f7bc966c4976b","email":"debug@example.com"} []
[2025-08-27 12:48:08] CodeQuest.INFO: Appwrite client initialized successfully [] []
[2025-08-27 12:48:08] CodeQuest.INFO: Appwrite client initialized successfully [] []
[2025-08-27 12:48:08] CodeQuest.INFO: Login attempt received {"raw_input":"{\"email\":\"debug@example.com\",\"password\":\"debugpass123\"}","parsed_input":{"email":"debug@example.com","password":"debugpass123"},"email":"debug@example.com","password_length":12} []
[2025-08-27 12:48:08] CodeQuest.INFO: Attempting Appwrite authentication {"email":"debug@example.com"} []
[2025-08-27 12:48:11] CodeQuest.INFO: Appwrite authentication successful {"user_id":"68aee12f7bc966c4976b","email":"debug@example.com"} []
[2025-08-27 12:48:12] CodeQuest.INFO: User logged in successfully via Appwrite {"user_id":"68aee12f7bc966c4976b","email":"debug@example.com"} []
[2025-08-27 12:48:12] CodeQuest.INFO: Appwrite client initialized successfully [] []
[2025-08-27 12:48:12] CodeQuest.INFO: Appwrite client initialized successfully [] []
[2025-08-27 12:48:12] CodeQuest.INFO: Login attempt received {"raw_input":"{\"email\":\"debug@example.com\",\"password\":\"debugpass123\"}","parsed_input":{"email":"debug@example.com","password":"debugpass123"},"email":"debug@example.com","password_length":12} []
[2025-08-27 12:48:12] CodeQuest.INFO: Attempting Appwrite authentication {"email":"debug@example.com"} []
[2025-08-27 12:48:14] CodeQuest.INFO: Appwrite authentication successful {"user_id":"68aee12f7bc966c4976b","email":"debug@example.com"} []
[2025-08-27 12:48:15] CodeQuest.INFO: User logged in successfully via Appwrite {"user_id":"68aee12f7bc966c4976b","email":"debug@example.com"} []
[2025-08-27 12:48:15] CodeQuest.INFO: Appwrite client initialized successfully [] []
[2025-08-27 12:48:15] CodeQuest.INFO: Appwrite client initialized successfully [] []
[2025-08-27 12:48:15] CodeQuest.INFO: Login attempt received {"raw_input":"{\"email\":\"debug@example.com\",\"password\":\"debugpass123\"}","parsed_input":{"email":"debug@example.com","password":"debugpass123"},"email":"debug@example.com","password_length":12} []
[2025-08-27 12:48:15] CodeQuest.INFO: Attempting Appwrite authentication {"email":"debug@example.com"} []
[2025-08-27 12:48:17] CodeQuest.INFO: Appwrite authentication successful {"user_id":"68aee12f7bc966c4976b","email":"debug@example.com"} []
[2025-08-27 12:48:25] CodeQuest.INFO: User logged in successfully via Appwrite {"user_id":"68aee12f7bc966c4976b","email":"debug@example.com"} []
[2025-08-27 12:48:25] CodeQuest.INFO: Appwrite client initialized successfully [] []
[2025-08-27 12:48:25] CodeQuest.INFO: Appwrite client initialized successfully [] []
[2025-08-27 12:48:25] CodeQuest.INFO: Login attempt received {"raw_input":"{\"email\":\"debug@example.com\",\"password\":\"debugpass123\"}","parsed_input":{"email":"debug@example.com","password":"debugpass123"},"email":"debug@example.com","password_length":12} []
[2025-08-27 12:48:25] CodeQuest.INFO: Attempting Appwrite authentication {"email":"debug@example.com"} []
[2025-08-27 12:48:30] CodeQuest.INFO: Appwrite authentication successful {"user_id":"68aee12f7bc966c4976b","email":"debug@example.com"} []
[2025-08-27 12:48:31] CodeQuest.INFO: User logged in successfully via Appwrite {"user_id":"68aee12f7bc966c4976b","email":"debug@example.com"} []
[2025-08-27 12:48:31] CodeQuest.INFO: Appwrite client initialized successfully [] []
[2025-08-27 12:48:31] CodeQuest.INFO: Database connection established successfully [] []
[2025-08-27 12:48:31] CodeQuest.INFO: Appwrite client initialized successfully [] []
[2025-08-27 12:48:31] CodeQuest.INFO: Database connection established successfully [] []
[2025-08-27 12:48:31] CodeQuest.INFO: Appwrite client initialized successfully [] []
[2025-08-27 12:48:31] CodeQuest.INFO: Database connection established successfully [] []
[2025-08-27 12:48:31] CodeQuest.INFO: Appwrite client initialized successfully [] []
[2025-08-27 12:48:31] CodeQuest.INFO: Database connection established successfully [] []
[2025-08-27 12:57:48] CodeQuest.INFO: Appwrite client initialized successfully [] []
[2025-08-27 12:57:48] CodeQuest.INFO: Database connection established successfully [] []
[2025-08-27 12:57:48] CodeQuest.INFO: Appwrite client initialized successfully [] []
[2025-08-27 12:57:48] CodeQuest.INFO: Database connection established successfully [] []
[2025-08-27 12:57:48] CodeQuest.INFO: Appwrite client initialized successfully [] []
[2025-08-27 12:57:48] CodeQuest.INFO: Database connection established successfully [] []
[2025-08-27 13:15:43] CodeQuest.INFO: Appwrite client initialized successfully [] []
[2025-08-27 13:17:41] CodeQuest.INFO: Appwrite client initialized successfully [] []
[2025-08-27 13:21:03] CodeQuest.INFO: Appwrite client initialized successfully [] []
[2025-08-27 13:22:29] CodeQuest.INFO: Appwrite client initialized successfully [] []
[2025-08-27 13:29:47] CodeQuest.INFO: Appwrite client initialized successfully [] []
[2025-08-27 13:29:47] CodeQuest.INFO: Appwrite client initialized successfully [] []
[2025-08-27 13:32:53] CodeQuest.INFO: Appwrite client initialized successfully [] []
[2025-08-27 13:32:53] CodeQuest.INFO: Appwrite client initialized successfully [] []
[2025-08-27 13:35:59] CodeQuest.INFO: Appwrite client initialized successfully [] []
[2025-08-27 13:35:59] CodeQuest.INFO: Appwrite client initialized successfully [] []
[2025-08-27 13:39:05] CodeQuest.INFO: Appwrite client initialized successfully [] []
[2025-08-27 13:39:05] CodeQuest.INFO: Appwrite client initialized successfully [] []
[2025-08-27 13:39:06] CodeQuest.INFO: Appwrite client initialized successfully [] []
[2025-08-27 13:39:06] CodeQuest.INFO: Database connection established successfully [] []
[2025-08-27 13:39:23] CodeQuest.INFO: Appwrite client initialized successfully [] []
[2025-08-27 13:39:23] CodeQuest.INFO: Database connection established successfully [] []
[2025-08-27 13:39:32] CodeQuest.INFO: Appwrite client initialized successfully [] []
[2025-08-27 13:39:32] CodeQuest.INFO: Appwrite client initialized successfully [] []
[2025-08-27 13:42:38] CodeQuest.INFO: Appwrite client initialized successfully [] []
[2025-08-27 13:42:38] CodeQuest.INFO: Appwrite client initialized successfully [] []
[2025-08-27 13:44:45] CodeQuest.INFO: Appwrite client initialized successfully [] []
[2025-08-27 13:44:45] CodeQuest.INFO: Appwrite client initialized successfully [] []
[2025-08-27 13:44:47] CodeQuest.INFO: Appwrite client initialized successfully [] []
[2025-08-27 13:44:47] CodeQuest.INFO: Appwrite client initialized successfully [] []
[2025-08-27 13:47:52] CodeQuest.INFO: Appwrite client initialized successfully [] []
[2025-08-27 13:47:52] CodeQuest.INFO: Appwrite client initialized successfully [] []
[2025-08-27 13:51:00] CodeQuest.INFO: Appwrite client initialized successfully [] []
[2025-08-27 13:51:00] CodeQuest.INFO: Appwrite client initialized successfully [] []
[2025-08-27 13:51:05] CodeQuest.INFO: Appwrite client initialized successfully [] []
[2025-08-27 13:51:06] CodeQuest.INFO: Appwrite client initialized successfully [] []
[2025-08-27 13:54:15] CodeQuest.INFO: Appwrite client initialized successfully [] []
[2025-08-27 13:54:15] CodeQuest.INFO: Appwrite client initialized successfully [] []
[2025-08-27 13:54:16] CodeQuest.INFO: Appwrite client initialized successfully [] []
[2025-08-27 13:54:16] CodeQuest.INFO: Appwrite client initialized successfully [] []
[2025-08-27 13:57:23] CodeQuest.INFO: Appwrite client initialized successfully [] []
[2025-08-27 13:57:23] CodeQuest.INFO: Database connection established successfully [] []
[2025-08-27 14:00:55] CodeQuest.INFO: Appwrite client initialized successfully [] []
[2025-08-27 14:00:55] CodeQuest.INFO: Database connection established successfully [] []
[2025-08-27 14:01:02] CodeQuest.INFO: Appwrite client initialized successfully [] []
[2025-08-27 14:01:02] CodeQuest.INFO: Database connection established successfully [] []
[2025-08-27 14:01:08] CodeQuest.INFO: Appwrite client initialized successfully [] []
[2025-08-27 14:01:08] CodeQuest.INFO: Appwrite client initialized successfully [] []
[2025-08-27 14:04:19] CodeQuest.INFO: Appwrite client initialized successfully [] []
[2025-08-27 14:04:19] CodeQuest.INFO: Database connection established successfully [] []
[2025-08-27 14:04:42] CodeQuest.INFO: Appwrite client initialized successfully [] []
[2025-08-27 14:04:42] CodeQuest.INFO: Database connection established successfully [] []
[2025-08-27 14:05:49] CodeQuest.INFO: Appwrite client initialized successfully [] []
[2025-08-27 14:05:49] CodeQuest.INFO: Database connection established successfully [] []
[2025-08-27 14:06:38] CodeQuest.INFO: Appwrite client initialized successfully [] []
[2025-08-27 14:06:38] CodeQuest.INFO: Database connection established successfully [] []
[2025-08-27 14:07:43] CodeQuest.INFO: Appwrite client initialized successfully [] []
[2025-08-27 14:07:43] CodeQuest.INFO: Database connection established successfully [] []
[2025-08-27 14:08:25] CodeQuest.INFO: Appwrite client initialized successfully [] []
[2025-08-27 14:08:25] CodeQuest.INFO: Database connection established successfully [] []
[2025-08-27 14:08:32] CodeQuest.INFO: Appwrite client initialized successfully [] []
[2025-08-27 14:08:32] CodeQuest.INFO: Database connection established successfully [] []
[2025-08-27 14:17:40] CodeQuest.INFO: Appwrite client initialized successfully [] []
[2025-08-27 14:17:40] CodeQuest.INFO: Database connection established successfully [] []
[2025-08-27 14:21:06] CodeQuest.INFO: Appwrite client initialized successfully [] []
[2025-08-27 14:21:06] CodeQuest.INFO: Database connection established successfully [] []
[2025-08-27 14:21:08] CodeQuest.INFO: Appwrite client initialized successfully [] []
[2025-08-27 14:21:08] CodeQuest.INFO: Database connection established successfully [] []
[2025-08-27 14:22:40] CodeQuest.INFO: Appwrite client initialized successfully [] []
[2025-08-27 14:22:40] CodeQuest.INFO: Database connection established successfully [] []
[2025-08-27 14:23:48] CodeQuest.INFO: Appwrite client initialized successfully [] []
[2025-08-27 14:23:48] CodeQuest.INFO: Database connection established successfully [] []
[2025-08-27 14:26:37] CodeQuest.INFO: Appwrite client initialized successfully [] []
[2025-08-27 14:26:37] CodeQuest.INFO: Database connection established successfully [] []
[2025-08-27 14:27:39] CodeQuest.INFO: Appwrite client initialized successfully [] []
[2025-08-27 14:27:39] CodeQuest.INFO: Database connection established successfully [] []
[2025-08-27 14:29:15] CodeQuest.INFO: Appwrite client initialized successfully [] []
[2025-08-27 14:29:15] CodeQuest.INFO: Database connection established successfully [] []
[2025-08-27 14:31:46] CodeQuest.INFO: Appwrite client initialized successfully [] []
[2025-08-27 14:31:46] CodeQuest.INFO: Database connection established successfully [] []
[2025-08-27 14:32:10] CodeQuest.INFO: Appwrite client initialized successfully [] []
[2025-08-27 14:32:10] CodeQuest.INFO: Database connection established successfully [] []
[2025-08-27 14:32:47] CodeQuest.INFO: Appwrite client initialized successfully [] []
[2025-08-27 14:32:47] CodeQuest.INFO: Database connection established successfully [] []
[2025-08-27 14:35:05] CodeQuest.INFO: Appwrite client initialized successfully [] []
[2025-08-27 14:35:05] CodeQuest.INFO: Database connection established successfully [] []
[2025-08-27 14:35:11] CodeQuest.INFO: Appwrite client initialized successfully [] []
[2025-08-27 14:35:11] CodeQuest.INFO: Database connection established successfully [] []
[2025-08-27 14:38:21] CodeQuest.INFO: Appwrite client initialized successfully [] []
[2025-08-27 14:38:21] CodeQuest.INFO: Database connection established successfully [] []
[2025-08-27 14:38:27] CodeQuest.INFO: Appwrite client initialized successfully [] []
[2025-08-27 14:38:27] CodeQuest.INFO: Database connection established successfully [] []
[2025-08-27 14:38:27] CodeQuest.INFO: Appwrite client initialized successfully [] []
[2025-08-27 14:38:27] CodeQuest.INFO: Database connection established successfully [] []
[2025-08-27 14:38:28] CodeQuest.INFO: Appwrite client initialized successfully [] []
[2025-08-27 14:38:28] CodeQuest.INFO: Database connection established successfully [] []
[2025-08-27 14:38:28] CodeQuest.INFO: Appwrite client initialized successfully [] []
[2025-08-27 14:38:28] CodeQuest.INFO: Database connection established successfully [] []
[2025-08-27 14:38:28] CodeQuest.INFO: Appwrite client initialized successfully [] []
[2025-08-27 14:38:28] CodeQuest.INFO: Database connection established successfully [] []
[2025-08-27 14:38:29] CodeQuest.INFO: Appwrite client initialized successfully [] []
[2025-08-27 14:38:29] CodeQuest.INFO: Database connection established successfully [] []
[2025-08-27 14:38:45] CodeQuest.INFO: Appwrite client initialized successfully [] []
[2025-08-27 14:38:45] CodeQuest.INFO: Database connection established successfully [] []
[2025-08-27 14:38:46] CodeQuest.INFO: Appwrite client initialized successfully [] []
[2025-08-27 14:38:46] CodeQuest.INFO: Database connection established successfully [] []
[2025-08-27 14:39:01] CodeQuest.INFO: Appwrite client initialized successfully [] []
[2025-08-27 14:39:01] CodeQuest.INFO: Database connection established successfully [] []
[2025-08-27 14:40:22] CodeQuest.INFO: Appwrite client initialized successfully [] []
[2025-08-27 14:40:22] CodeQuest.INFO: Database connection established successfully [] []
[2025-08-27 14:40:58] CodeQuest.INFO: Appwrite client initialized successfully [] []
[2025-08-27 14:40:58] CodeQuest.INFO: Database connection established successfully [] []
[2025-08-27 14:47:45] CodeQuest.INFO: Appwrite client initialized successfully [] []
[2025-08-27 14:47:45] CodeQuest.INFO: Database connection established successfully [] []
[2025-08-27 14:48:54] CodeQuest.INFO: Appwrite client initialized successfully [] []
[2025-08-27 14:48:54] CodeQuest.INFO: Database connection established successfully [] []
[2025-08-27 14:49:54] CodeQuest.INFO: Appwrite client initialized successfully [] []
[2025-08-27 14:49:54] CodeQuest.INFO: Database connection established successfully [] []
[2025-08-27 14:54:31] CodeQuest.INFO: Appwrite client initialized successfully [] []
[2025-08-27 14:54:31] CodeQuest.INFO: Database connection established successfully [] []
[2025-08-27 15:01:32] CodeQuest.INFO: Appwrite client initialized successfully [] []
[2025-08-27 15:01:32] CodeQuest.INFO: Database connection established successfully [] []
[2025-08-27 15:01:37] CodeQuest.INFO: Appwrite client initialized successfully [] []
[2025-08-27 15:01:37] CodeQuest.INFO: Database connection established successfully [] []
[2025-08-27 15:01:38] CodeQuest.INFO: Appwrite client initialized successfully [] []
[2025-08-27 15:01:38] CodeQuest.INFO: Database connection established successfully [] []
[2025-08-27 15:04:24] CodeQuest.INFO: Appwrite client initialized successfully [] []
[2025-08-27 15:04:24] CodeQuest.INFO: Database connection established successfully [] []
[2025-08-27 15:09:06] CodeQuest.INFO: Appwrite client initialized successfully [] []
[2025-08-27 15:09:06] CodeQuest.INFO: Database connection established successfully [] []
[2025-08-27 15:10:50] CodeQuest.INFO: Appwrite client initialized successfully [] []
[2025-08-27 15:10:50] CodeQuest.INFO: Database connection established successfully [] []
[2025-08-27 15:17:32] CodeQuest.INFO: Appwrite client initialized successfully [] []
[2025-08-27 15:17:32] CodeQuest.INFO: Database connection established successfully [] []
[2025-08-27 15:17:48] CodeQuest.INFO: Appwrite client initialized successfully [] []
[2025-08-27 15:17:48] CodeQuest.INFO: Database connection established successfully [] []
[2025-08-27 15:17:50] CodeQuest.INFO: Appwrite client initialized successfully [] []
[2025-08-27 15:17:50] CodeQuest.INFO: Database connection established successfully [] []
[2025-08-27 15:17:53] CodeQuest.INFO: Appwrite client initialized successfully [] []
[2025-08-27 15:17:53] CodeQuest.INFO: Database connection established successfully [] []
[2025-08-27 15:17:56] CodeQuest.INFO: Appwrite client initialized successfully [] []
[2025-08-27 15:17:56] CodeQuest.INFO: Database connection established successfully [] []
[2025-08-27 15:25:20] CodeQuest.INFO: Appwrite client initialized successfully [] []
[2025-08-27 15:25:20] CodeQuest.INFO: Database connection established successfully [] []
[2025-08-27 15:25:22] CodeQuest.INFO: Appwrite client initialized successfully [] []
[2025-08-27 15:25:22] CodeQuest.INFO: Database connection established successfully [] []
[2025-08-27 15:25:26] CodeQuest.INFO: Appwrite client initialized successfully [] []
[2025-08-27 15:25:26] CodeQuest.INFO: Database connection established successfully [] []
[2025-08-27 15:25:27] CodeQuest.INFO: Appwrite client initialized successfully [] []
[2025-08-27 15:25:27] CodeQuest.INFO: Database connection established successfully [] []
[2025-08-27 15:25:27] CodeQuest.ERROR: Database query failed: SQLSTATE[42S22]: Column not found: 1054 Unknown column 'c.sort_order' in 'order clause' {"sql":"\n                SELECT c.*, l.title as lesson_title\n                FROM challenges c\n                LEFT JOIN lessons l ON c.lesson_id = l.id\n                ORDER BY c.sort_order, c.id\n            ","params":[]} []
[2025-08-27 15:25:29] CodeQuest.INFO: Appwrite client initialized successfully [] []
[2025-08-27 15:25:29] CodeQuest.INFO: Appwrite client initialized successfully [] []
[2025-08-27 15:28:43] CodeQuest.INFO: Appwrite client initialized successfully [] []
[2025-08-27 15:28:43] CodeQuest.INFO: Database connection established successfully [] []
[2025-08-27 15:28:43] CodeQuest.INFO: Appwrite client initialized successfully [] []
[2025-08-27 15:28:43] CodeQuest.INFO: Database connection established successfully [] []
[2025-08-27 15:28:43] CodeQuest.INFO: Appwrite client initialized successfully [] []
[2025-08-27 15:28:43] CodeQuest.INFO: Database connection established successfully [] []
[2025-08-27 15:28:43] CodeQuest.INFO: Appwrite client initialized successfully [] []
[2025-08-27 15:28:43] CodeQuest.INFO: Database connection established successfully [] []
[2025-08-27 15:28:43] CodeQuest.INFO: Appwrite client initialized successfully [] []
[2025-08-27 15:28:43] CodeQuest.INFO: Database connection established successfully [] []
[2025-08-27 15:39:52] CodeQuest.INFO: Appwrite client initialized successfully [] []
[2025-08-27 15:39:52] CodeQuest.INFO: Database connection established successfully [] []
[2025-08-27 15:40:49] CodeQuest.INFO: Appwrite client initialized successfully [] []
[2025-08-27 15:40:49] CodeQuest.INFO: Database connection established successfully [] []
[2025-08-27 15:40:51] CodeQuest.INFO: Appwrite client initialized successfully [] []
[2025-08-27 15:40:51] CodeQuest.INFO: Database connection established successfully [] []
[2025-08-27 15:41:03] CodeQuest.INFO: Appwrite client initialized successfully [] []
[2025-08-27 15:41:03] CodeQuest.INFO: Database connection established successfully [] []
[2025-08-27 15:41:30] CodeQuest.INFO: Appwrite client initialized successfully [] []
[2025-08-27 15:41:30] CodeQuest.INFO: Database connection established successfully [] []
[2025-08-27 15:41:32] CodeQuest.INFO: Appwrite client initialized successfully [] []
[2025-08-27 15:41:32] CodeQuest.INFO: Database connection established successfully [] []
[2025-08-27 15:41:36] CodeQuest.INFO: Appwrite client initialized successfully [] []
[2025-08-27 15:41:36] CodeQuest.INFO: Database connection established successfully [] []
[2025-08-27 15:51:22] CodeQuest.INFO: Appwrite client initialized successfully [] []
[2025-08-27 15:51:22] CodeQuest.INFO: Database connection established successfully [] []
[2025-08-27 15:51:27] CodeQuest.INFO: Appwrite client initialized successfully [] []
[2025-08-27 15:51:27] CodeQuest.INFO: Database connection established successfully [] []
[2025-08-27 15:53:21] CodeQuest.INFO: Appwrite client initialized successfully [] []
[2025-08-27 15:53:21] CodeQuest.INFO: Database connection established successfully [] []
[2025-08-27 15:53:26] CodeQuest.INFO: Appwrite client initialized successfully [] []
[2025-08-27 15:53:26] CodeQuest.INFO: Database connection established successfully [] []
[2025-08-27 15:53:30] CodeQuest.INFO: Appwrite client initialized successfully [] []
[2025-08-27 15:53:30] CodeQuest.INFO: Database connection established successfully [] []
[2025-08-27 15:53:31] CodeQuest.INFO: Appwrite client initialized successfully [] []
[2025-08-27 15:53:31] CodeQuest.INFO: Database connection established successfully [] []
[2025-08-27 15:53:35] CodeQuest.INFO: Appwrite client initialized successfully [] []
[2025-08-27 15:53:35] CodeQuest.INFO: Database connection established successfully [] []
[2025-08-27 15:56:30] CodeQuest.INFO: Appwrite client initialized successfully [] []
[2025-08-27 15:56:30] CodeQuest.INFO: Database connection established successfully [] []
[2025-08-27 15:58:22] CodeQuest.INFO: Appwrite client initialized successfully [] []
[2025-08-27 15:58:22] CodeQuest.INFO: Database connection established successfully [] []
[2025-08-27 15:59:49] CodeQuest.INFO: Appwrite client initialized successfully [] []
[2025-08-27 15:59:49] CodeQuest.INFO: Database connection established successfully [] []
[2025-08-27 16:13:38] CodeQuest.INFO: Appwrite client initialized successfully [] []
[2025-08-27 16:13:38] CodeQuest.INFO: Database connection established successfully [] []
[2025-08-27 16:18:17] CodeQuest.INFO: Appwrite client initialized successfully [] []
[2025-08-27 16:18:17] CodeQuest.INFO: Database connection established successfully [] []
[2025-08-27 16:18:35] CodeQuest.INFO: Appwrite client initialized successfully [] []
[2025-08-27 16:18:35] CodeQuest.INFO: Database connection established successfully [] []
[2025-08-27 16:18:57] CodeQuest.INFO: Appwrite client initialized successfully [] []
[2025-08-27 16:18:57] CodeQuest.INFO: Database connection established successfully [] []
[2025-08-27 16:19:22] CodeQuest.INFO: Appwrite client initialized successfully [] []
[2025-08-27 16:19:22] CodeQuest.INFO: Database connection established successfully [] []
[2025-08-27 16:19:32] CodeQuest.INFO: Appwrite client initialized successfully [] []
[2025-08-27 16:19:32] CodeQuest.INFO: Database connection established successfully [] []
[2025-08-27 16:19:45] CodeQuest.INFO: Appwrite client initialized successfully [] []
[2025-08-27 16:19:45] CodeQuest.INFO: Database connection established successfully [] []
[2025-08-27 16:20:04] CodeQuest.INFO: Appwrite client initialized successfully [] []
[2025-08-27 16:20:04] CodeQuest.INFO: Database connection established successfully [] []
[2025-08-27 16:20:04] CodeQuest.ERROR: Database query failed: SQLSTATE[42S22]: Column not found: 1054 Unknown column 'c.sort_order' in 'order clause' {"sql":"\n                SELECT c.*, l.title as lesson_title\n                FROM challenges c\n                LEFT JOIN lessons l ON c.lesson_id = l.id\n                ORDER BY c.sort_order, c.id\n            ","params":[]} []
[2025-08-27 16:20:15] CodeQuest.INFO: Appwrite client initialized successfully [] []
[2025-08-27 16:20:15] CodeQuest.INFO: Appwrite client initialized successfully [] []
[2025-08-27 16:23:20] CodeQuest.INFO: Appwrite client initialized successfully [] []
[2025-08-27 16:23:20] CodeQuest.INFO: Database connection established successfully [] []
[2025-08-27 16:23:20] CodeQuest.INFO: Appwrite client initialized successfully [] []
[2025-08-27 16:23:20] CodeQuest.INFO: Database connection established successfully [] []
[2025-08-27 16:23:21] CodeQuest.INFO: Appwrite client initialized successfully [] []
[2025-08-27 16:23:21] CodeQuest.INFO: Database connection established successfully [] []
[2025-08-27 16:28:45] CodeQuest.INFO: Appwrite client initialized successfully [] []
[2025-08-27 16:28:45] CodeQuest.INFO: Database connection established successfully [] []
[2025-08-27 16:32:51] CodeQuest.INFO: Appwrite client initialized successfully [] []
[2025-08-27 16:32:51] CodeQuest.INFO: Database connection established successfully [] []
[2025-08-27 16:35:30] CodeQuest.INFO: Appwrite client initialized successfully [] []
[2025-08-27 16:35:30] CodeQuest.INFO: Database connection established successfully [] []
[2025-08-27 16:36:26] CodeQuest.INFO: Appwrite client initialized successfully [] []
[2025-08-27 16:36:26] CodeQuest.INFO: Database connection established successfully [] []
[2025-08-27 16:38:07] CodeQuest.INFO: Appwrite client initialized successfully [] []
[2025-08-27 16:38:07] CodeQuest.INFO: Database connection established successfully [] []
[2025-08-27 16:38:28] CodeQuest.INFO: Appwrite client initialized successfully [] []
[2025-08-27 16:38:28] CodeQuest.INFO: Database connection established successfully [] []
[2025-08-27 16:55:16] CodeQuest.INFO: Appwrite client initialized successfully [] []
[2025-08-27 16:55:16] CodeQuest.INFO: Database connection established successfully [] []
[2025-08-27 16:55:18] CodeQuest.INFO: Appwrite client initialized successfully [] []
[2025-08-27 16:55:18] CodeQuest.INFO: Database connection established successfully [] []
[2025-08-27 16:55:19] CodeQuest.INFO: Appwrite client initialized successfully [] []
[2025-08-27 16:55:19] CodeQuest.INFO: Database connection established successfully [] []
[2025-08-27 16:55:20] CodeQuest.INFO: Appwrite client initialized successfully [] []
[2025-08-27 16:55:20] CodeQuest.INFO: Database connection established successfully [] []
[2025-08-27 16:55:32] CodeQuest.INFO: Appwrite client initialized successfully [] []
[2025-08-27 16:55:32] CodeQuest.INFO: Database connection established successfully [] []
[2025-08-27 16:55:35] CodeQuest.INFO: Appwrite client initialized successfully [] []
[2025-08-27 16:55:35] CodeQuest.INFO: Database connection established successfully [] []
[2025-08-27 17:06:39] CodeQuest.INFO: Appwrite client initialized successfully [] []
[2025-08-27 17:06:39] CodeQuest.INFO: Database connection established successfully [] []
[2025-08-27 17:16:26] CodeQuest.INFO: Appwrite client initialized successfully [] []
[2025-08-27 17:16:26] CodeQuest.INFO: Database connection established successfully [] []
[2025-08-27 17:16:41] CodeQuest.INFO: Appwrite client initialized successfully [] []
[2025-08-27 17:16:41] CodeQuest.INFO: Database connection established successfully [] []
[2025-08-27 17:17:43] CodeQuest.INFO: Appwrite client initialized successfully [] []
[2025-08-27 17:17:44] CodeQuest.INFO: Database connection established successfully [] []
[2025-08-27 17:19:34] CodeQuest.INFO: Appwrite client initialized successfully [] []
[2025-08-27 17:19:34] CodeQuest.INFO: Database connection established successfully [] []
[2025-08-27 17:20:05] CodeQuest.INFO: Appwrite client initialized successfully [] []
[2025-08-27 17:20:05] CodeQuest.INFO: Database connection established successfully [] []
[2025-08-27 17:24:31] CodeQuest.INFO: Appwrite client initialized successfully [] []
[2025-08-27 17:24:31] CodeQuest.INFO: Database connection established successfully [] []
[2025-08-27 17:25:57] CodeQuest.INFO: Appwrite client initialized successfully [] []
[2025-08-27 17:25:57] CodeQuest.INFO: Database connection established successfully [] []
[2025-08-27 17:31:45] CodeQuest.INFO: Appwrite client initialized successfully [] []
[2025-08-27 17:31:45] CodeQuest.INFO: Database connection established successfully [] []
[2025-08-27 17:31:45] CodeQuest.ERROR: Database query failed: SQLSTATE[42S22]: Column not found: 1054 Unknown column 'c.sort_order' in 'order clause' {"sql":"\n                SELECT c.*, l.title as lesson_title\n                FROM challenges c\n                LEFT JOIN lessons l ON c.lesson_id = l.id\n                ORDER BY c.sort_order, c.id\n            ","params":[]} []
[2025-08-27 17:33:55] CodeQuest.INFO: Appwrite client initialized successfully [] []
[2025-08-27 17:33:55] CodeQuest.INFO: Database connection established successfully [] []
[2025-08-27 17:33:55] CodeQuest.ERROR: Database query failed: SQLSTATE[42S22]: Column not found: 1054 Unknown column 'c.sort_order' in 'order clause' {"sql":"\n                SELECT c.*, l.title as lesson_title\n                FROM challenges c\n                LEFT JOIN lessons l ON c.lesson_id = l.id\n                ORDER BY c.sort_order, c.id\n            ","params":[]} []
[2025-08-27 17:34:45] CodeQuest.INFO: Appwrite client initialized successfully [] []
[2025-08-27 17:34:45] CodeQuest.INFO: Appwrite client initialized successfully [] []
[2025-08-27 17:37:56] CodeQuest.INFO: Appwrite client initialized successfully [] []
[2025-08-27 17:37:56] CodeQuest.INFO: Appwrite client initialized successfully [] []
[2025-08-27 17:41:01] CodeQuest.INFO: Appwrite client initialized successfully [] []
[2025-08-27 17:41:01] CodeQuest.INFO: Appwrite client initialized successfully [] []
[2025-08-27 17:45:58] CodeQuest.INFO: Appwrite client initialized successfully [] []
[2025-08-27 17:45:58] CodeQuest.INFO: Database connection established successfully [] []
[2025-08-27 17:45:58] CodeQuest.ERROR: Database query failed: SQLSTATE[42S22]: Column not found: 1054 Unknown column 'c.sort_order' in 'order clause' {"sql":"\n                SELECT c.*, l.title as lesson_title\n                FROM challenges c\n                LEFT JOIN lessons l ON c.lesson_id = l.id\n                ORDER BY c.sort_order, c.id\n            ","params":[]} []
[2025-08-27 17:46:06] CodeQuest.INFO: Appwrite client initialized successfully [] []
[2025-08-27 17:46:06] CodeQuest.INFO: Database connection established successfully [] []
[2025-08-27 17:46:08] CodeQuest.INFO: Appwrite client initialized successfully [] []
[2025-08-27 17:46:08] CodeQuest.INFO: Database connection established successfully [] []
[2025-08-27 17:47:31] CodeQuest.INFO: Appwrite client initialized successfully [] []
[2025-08-27 17:47:31] CodeQuest.INFO: Database connection established successfully [] []
[2025-08-27 17:47:31] CodeQuest.ERROR: Database query failed: SQLSTATE[42S22]: Column not found: 1054 Unknown column 'c.sort_order' in 'order clause' {"sql":"\n                SELECT c.*, l.title as lesson_title\n                FROM challenges c\n                LEFT JOIN lessons l ON c.lesson_id = l.id\n                ORDER BY c.sort_order, c.id\n            ","params":[]} []
[2025-08-27 17:47:42] CodeQuest.INFO: Appwrite client initialized successfully [] []
[2025-08-27 17:47:42] CodeQuest.INFO: Database connection established successfully [] []
[2025-08-27 17:48:23] CodeQuest.INFO: Appwrite client initialized successfully [] []
[2025-08-27 17:48:23] CodeQuest.INFO: Database connection established successfully [] []
[2025-08-27 18:01:55] CodeQuest.INFO: Appwrite client initialized successfully [] []
[2025-08-27 18:01:55] CodeQuest.INFO: Database connection established successfully [] []
[2025-08-27 18:03:14] CodeQuest.INFO: Appwrite client initialized successfully [] []
[2025-08-27 18:03:14] CodeQuest.INFO: Database connection established successfully [] []
[2025-08-27 18:09:28] CodeQuest.INFO: Appwrite client initialized successfully [] []
[2025-08-27 18:09:28] CodeQuest.INFO: Database connection established successfully [] []
[2025-08-27 18:10:15] CodeQuest.INFO: Appwrite client initialized successfully [] []
[2025-08-27 18:10:15] CodeQuest.INFO: Database connection established successfully [] []
[2025-08-27 18:10:30] CodeQuest.INFO: Appwrite client initialized successfully [] []
[2025-08-27 18:10:30] CodeQuest.INFO: Database connection established successfully [] []
[2025-08-27 18:10:42] CodeQuest.INFO: Appwrite client initialized successfully [] []
[2025-08-27 18:10:42] CodeQuest.INFO: Database connection established successfully [] []
[2025-08-27 18:24:52] CodeQuest.INFO: Appwrite client initialized successfully [] []
[2025-08-27 18:24:52] CodeQuest.INFO: Database connection established successfully [] []
[2025-08-27 18:24:57] CodeQuest.INFO: Appwrite client initialized successfully [] []
[2025-08-27 18:24:57] CodeQuest.INFO: Database connection established successfully [] []
[2025-08-27 18:25:07] CodeQuest.INFO: Appwrite client initialized successfully [] []
[2025-08-27 18:25:07] CodeQuest.INFO: Database connection established successfully [] []
[2025-08-27 18:25:07] CodeQuest.ERROR: Database query failed: SQLSTATE[42S22]: Column not found: 1054 Unknown column 'c.sort_order' in 'order clause' {"sql":"\n                SELECT c.*, l.title as lesson_title\n                FROM challenges c\n                LEFT JOIN lessons l ON c.lesson_id = l.id\n                ORDER BY c.sort_order, c.id\n            ","params":[]} []
[2025-08-27 18:25:16] CodeQuest.INFO: Appwrite client initialized successfully [] []
[2025-08-27 18:25:16] CodeQuest.INFO: Database connection established successfully [] []
[2025-08-27 18:25:16] CodeQuest.ERROR: API Error: Failed to load challenge: Challenge not found [] []
[2025-08-27 18:25:25] CodeQuest.INFO: Appwrite client initialized successfully [] []
[2025-08-27 18:25:25] CodeQuest.INFO: Database connection established successfully [] []
[2025-08-27 18:25:25] CodeQuest.ERROR: Database query failed: SQLSTATE[42S22]: Column not found: 1054 Unknown column 'c.sort_order' in 'order clause' {"sql":"\n                SELECT c.*, l.title as lesson_title\n                FROM challenges c\n                LEFT JOIN lessons l ON c.lesson_id = l.id\n                ORDER BY c.sort_order, c.id\n            ","params":[]} []
[2025-08-27 18:40:08] CodeQuest.INFO: Appwrite client initialized successfully [] []
[2025-08-27 18:40:08] CodeQuest.INFO: Database connection established successfully [] []
[2025-08-27 18:40:08] CodeQuest.ERROR: Database query failed: SQLSTATE[42S22]: Column not found: 1054 Unknown column 'c.sort_order' in 'order clause' {"sql":"\n                SELECT c.*, l.title as lesson_title\n                FROM challenges c\n                LEFT JOIN lessons l ON c.lesson_id = l.id\n                ORDER BY c.sort_order, c.id\n            ","params":[]} []
[2025-08-27 18:46:11] CodeQuest.INFO: Appwrite client initialized successfully [] []
[2025-08-27 18:46:11] CodeQuest.INFO: Database connection established successfully [] []
[2025-08-27 18:46:11] CodeQuest.ERROR: Database query failed: SQLSTATE[42S22]: Column not found: 1054 Unknown column 'c.sort_order' in 'order clause' {"sql":"\n                SELECT c.*, l.title as lesson_title\n                FROM challenges c\n                LEFT JOIN lessons l ON c.lesson_id = l.id\n                ORDER BY c.sort_order, c.id\n            ","params":[]} []
[2025-08-27 18:48:47] CodeQuest.INFO: Appwrite client initialized successfully [] []
[2025-08-27 18:48:47] CodeQuest.INFO: Database connection established successfully [] []
[2025-08-27 18:48:47] CodeQuest.ERROR: Database query failed: SQLSTATE[42S22]: Column not found: 1054 Unknown column 'c.sort_order' in 'order clause' {"sql":"\n                SELECT c.*, l.title as lesson_title\n                FROM challenges c\n                LEFT JOIN lessons l ON c.lesson_id = l.id\n                ORDER BY c.sort_order, c.id\n            ","params":[]} []
[2025-08-27 18:50:12] CodeQuest.INFO: Appwrite client initialized successfully [] []
[2025-08-27 18:50:12] CodeQuest.INFO: Database connection established successfully [] []
[2025-08-27 18:50:12] CodeQuest.ERROR: Database query failed: SQLSTATE[42S22]: Column not found: 1054 Unknown column 'c.sort_order' in 'order clause' {"sql":"\n                SELECT c.*, l.title as lesson_title\n                FROM challenges c\n                LEFT JOIN lessons l ON c.lesson_id = l.id\n                ORDER BY c.sort_order, c.id\n            ","params":[]} []
[2025-08-27 18:50:20] CodeQuest.INFO: Appwrite client initialized successfully [] []
[2025-08-27 18:50:20] CodeQuest.INFO: Database connection established successfully [] []
[2025-08-27 18:50:23] CodeQuest.INFO: Appwrite client initialized successfully [] []
[2025-08-27 18:50:23] CodeQuest.INFO: Database connection established successfully [] []
[2025-08-27 18:57:38] CodeQuest.INFO: Appwrite client initialized successfully [] []
[2025-08-27 18:57:38] CodeQuest.INFO: Appwrite client initialized successfully [] []
[2025-08-27 19:10:21] CodeQuest.INFO: Appwrite client initialized successfully [] []
[2025-08-27 19:10:21] CodeQuest.INFO: Appwrite client initialized successfully [] []
[2025-08-27 19:13:28] CodeQuest.INFO: Appwrite client initialized successfully [] []
[2025-08-27 19:13:28] CodeQuest.INFO: Appwrite client initialized successfully [] []
[2025-08-27 19:16:36] CodeQuest.INFO: Appwrite client initialized successfully [] []
[2025-08-27 19:16:36] CodeQuest.INFO: Appwrite client initialized successfully [] []
[2025-08-27 19:16:37] CodeQuest.INFO: Appwrite client initialized successfully [] []
[2025-08-27 19:16:37] CodeQuest.INFO: Appwrite client initialized successfully [] []
[2025-08-27 19:19:43] CodeQuest.INFO: Appwrite client initialized successfully [] []
[2025-08-27 19:19:43] CodeQuest.INFO: Appwrite client initialized successfully [] []
[2025-08-27 19:22:51] CodeQuest.INFO: Appwrite client initialized successfully [] []
[2025-08-27 19:22:51] CodeQuest.INFO: Appwrite client initialized successfully [] []
[2025-08-27 19:30:15] CodeQuest.INFO: Appwrite client initialized successfully [] []
[2025-08-27 19:30:15] CodeQuest.INFO: Database connection established successfully [] []
[2025-08-27 19:33:53] CodeQuest.INFO: Appwrite client initialized successfully [] []
[2025-08-27 19:33:53] CodeQuest.INFO: Database connection established successfully [] []
[2025-08-27 19:33:53] CodeQuest.ERROR: Database query failed: SQLSTATE[42S22]: Column not found: 1054 Unknown column 'c.sort_order' in 'order clause' {"sql":"\n                SELECT c.*, l.title as lesson_title\n                FROM challenges c\n                LEFT JOIN lessons l ON c.lesson_id = l.id\n                ORDER BY c.sort_order, c.id\n            ","params":[]} []
[2025-08-27 19:53:21] CodeQuest.INFO: Appwrite client initialized successfully [] []
[2025-08-27 19:53:22] CodeQuest.INFO: Database connection established successfully [] []
[2025-08-27 19:53:23] CodeQuest.INFO: Appwrite client initialized successfully [] []
[2025-08-27 19:53:23] CodeQuest.INFO: Database connection established successfully [] []
[2025-08-27 19:53:31] CodeQuest.INFO: Appwrite client initialized successfully [] []
[2025-08-27 19:53:31] CodeQuest.INFO: Database connection established successfully [] []
[2025-08-27 19:53:31] CodeQuest.ERROR: Database query failed: SQLSTATE[42S22]: Column not found: 1054 Unknown column 'c.sort_order' in 'order clause' {"sql":"\n                SELECT c.*, l.title as lesson_title\n                FROM challenges c\n                LEFT JOIN lessons l ON c.lesson_id = l.id\n                ORDER BY c.sort_order, c.id\n            ","params":[]} []
[2025-08-27 19:53:43] CodeQuest.INFO: Appwrite client initialized successfully [] []
[2025-08-27 19:53:43] CodeQuest.INFO: Database connection established successfully [] []
[2025-08-27 19:54:09] CodeQuest.INFO: Appwrite client initialized successfully [] []
[2025-08-27 19:54:09] CodeQuest.INFO: Database connection established successfully [] []
[2025-08-27 19:54:17] CodeQuest.INFO: Appwrite client initialized successfully [] []
[2025-08-27 19:54:17] CodeQuest.INFO: Database connection established successfully [] []
[2025-08-27 19:54:19] CodeQuest.INFO: Appwrite client initialized successfully [] []
[2025-08-27 19:54:19] CodeQuest.INFO: Database connection established successfully [] []
[2025-08-27 19:54:19] CodeQuest.ERROR: Database query failed: SQLSTATE[42S22]: Column not found: 1054 Unknown column 'c.sort_order' in 'order clause' {"sql":"\n                SELECT c.*, l.title as lesson_title\n                FROM challenges c\n                LEFT JOIN lessons l ON c.lesson_id = l.id\n                ORDER BY c.sort_order, c.id\n            ","params":[]} []
[2025-08-27 20:13:37] CodeQuest.INFO: Appwrite client initialized successfully [] []
[2025-08-27 20:13:37] CodeQuest.INFO: Database connection established successfully [] []
[2025-08-27 20:13:38] CodeQuest.INFO: Appwrite client initialized successfully [] []
[2025-08-27 20:13:38] CodeQuest.INFO: Database connection established successfully [] []
[2025-08-27 20:29:13] CodeQuest.INFO: Appwrite client initialized successfully [] []
[2025-08-27 20:29:13] CodeQuest.INFO: Database connection established successfully [] []
[2025-08-27 20:36:52] CodeQuest.INFO: Appwrite client initialized successfully [] []
[2025-08-27 20:36:52] CodeQuest.INFO: Database connection established successfully [] []
[2025-08-27 20:36:54] CodeQuest.INFO: Appwrite client initialized successfully [] []
[2025-08-27 20:36:54] CodeQuest.INFO: Database connection established successfully [] []
[2025-08-27 20:36:55] CodeQuest.INFO: Appwrite client initialized successfully [] []
[2025-08-27 20:36:55] CodeQuest.INFO: Database connection established successfully [] []
[2025-08-27 20:37:01] CodeQuest.INFO: Appwrite client initialized successfully [] []
[2025-08-27 20:37:01] CodeQuest.INFO: Database connection established successfully [] []
[2025-08-27 20:54:17] CodeQuest.INFO: Appwrite client initialized successfully [] []
[2025-08-27 20:54:17] CodeQuest.INFO: Database connection established successfully [] []
[2025-08-27 20:54:30] CodeQuest.INFO: Appwrite client initialized successfully [] []
[2025-08-27 20:54:30] CodeQuest.INFO: Database connection established successfully [] []
[2025-08-27 20:54:37] CodeQuest.INFO: Appwrite client initialized successfully [] []
[2025-08-27 20:54:37] CodeQuest.INFO: Database connection established successfully [] []
[2025-08-27 20:54:37] CodeQuest.ERROR: Database query failed: SQLSTATE[42S22]: Column not found: 1054 Unknown column 'c.sort_order' in 'order clause' {"sql":"\n                SELECT c.*, l.title as lesson_title\n                FROM challenges c\n                LEFT JOIN lessons l ON c.lesson_id = l.id\n                ORDER BY c.sort_order, c.id\n            ","params":[]} []
[2025-08-27 20:59:07] CodeQuest.INFO: Appwrite client initialized successfully [] []
[2025-08-27 20:59:07] CodeQuest.INFO: Database connection established successfully [] []
[2025-08-27 20:59:41] CodeQuest.INFO: Appwrite client initialized successfully [] []
[2025-08-27 20:59:41] CodeQuest.INFO: Database connection established successfully [] []
[2025-08-27 21:04:45] CodeQuest.INFO: Appwrite client initialized successfully [] []
[2025-08-27 21:04:45] CodeQuest.INFO: Database connection established successfully [] []
[2025-08-27 21:05:34] CodeQuest.INFO: Appwrite client initialized successfully [] []
[2025-08-27 21:05:34] CodeQuest.INFO: Database connection established successfully [] []
[2025-08-27 21:05:57] CodeQuest.INFO: Appwrite client initialized successfully [] []
[2025-08-27 21:05:57] CodeQuest.INFO: Database connection established successfully [] []
[2025-08-27 21:05:57] CodeQuest.ERROR: Database query failed: SQLSTATE[42S22]: Column not found: 1054 Unknown column 'c.sort_order' in 'order clause' {"sql":"\n                SELECT c.*, l.title as lesson_title\n                FROM challenges c\n                LEFT JOIN lessons l ON c.lesson_id = l.id\n                ORDER BY c.sort_order, c.id\n            ","params":[]} []
[2025-08-27 21:14:02] CodeQuest.INFO: Appwrite client initialized successfully [] []
[2025-08-27 21:14:02] CodeQuest.INFO: Database connection established successfully [] []
[2025-08-27 21:14:04] CodeQuest.INFO: Appwrite client initialized successfully [] []
[2025-08-27 21:14:04] CodeQuest.INFO: Database connection established successfully [] []
[2025-08-27 21:14:07] CodeQuest.INFO: Appwrite client initialized successfully [] []
[2025-08-27 21:14:07] CodeQuest.INFO: Database connection established successfully [] []
[2025-08-27 21:14:07] CodeQuest.ERROR: Database query failed: SQLSTATE[42S22]: Column not found: 1054 Unknown column 'c.sort_order' in 'order clause' {"sql":"\n                SELECT c.*, l.title as lesson_title\n                FROM challenges c\n                LEFT JOIN lessons l ON c.lesson_id = l.id\n                ORDER BY c.sort_order, c.id\n            ","params":[]} []
[2025-08-27 21:16:59] CodeQuest.INFO: Appwrite client initialized successfully [] []
[2025-08-27 21:16:59] CodeQuest.INFO: Database connection established successfully [] []
[2025-08-27 21:17:00] CodeQuest.INFO: Appwrite client initialized successfully [] []
[2025-08-27 21:17:00] CodeQuest.INFO: Database connection established successfully [] []
[2025-08-27 21:17:05] CodeQuest.INFO: Appwrite client initialized successfully [] []
[2025-08-27 21:17:05] CodeQuest.INFO: Database connection established successfully [] []
[2025-08-27 21:17:06] CodeQuest.INFO: Appwrite client initialized successfully [] []
[2025-08-27 21:17:06] CodeQuest.INFO: Database connection established successfully [] []
[2025-08-27 21:18:55] CodeQuest.INFO: Appwrite client initialized successfully [] []
[2025-08-27 21:18:55] CodeQuest.INFO: Database connection established successfully [] []
[2025-08-27 21:18:56] CodeQuest.INFO: Appwrite client initialized successfully [] []
[2025-08-27 21:18:56] CodeQuest.INFO: Database connection established successfully [] []
[2025-08-27 21:19:02] CodeQuest.INFO: Appwrite client initialized successfully [] []
[2025-08-27 21:19:02] CodeQuest.INFO: Database connection established successfully [] []
[2025-08-27 21:19:02] CodeQuest.ERROR: Database query failed: SQLSTATE[42S22]: Column not found: 1054 Unknown column 'c.sort_order' in 'order clause' {"sql":"\n                SELECT c.*, l.title as lesson_title\n                FROM challenges c\n                LEFT JOIN lessons l ON c.lesson_id = l.id\n                ORDER BY c.sort_order, c.id\n            ","params":[]} []
[2025-08-27 21:19:08] CodeQuest.INFO: Appwrite client initialized successfully [] []
[2025-08-27 21:19:08] CodeQuest.INFO: Database connection established successfully [] []
[2025-08-27 21:19:10] CodeQuest.INFO: Appwrite client initialized successfully [] []
[2025-08-27 21:19:10] CodeQuest.INFO: Database connection established successfully [] []
[2025-08-27 21:19:12] CodeQuest.INFO: Appwrite client initialized successfully [] []
[2025-08-27 21:19:12] CodeQuest.INFO: Database connection established successfully [] []
[2025-08-27 21:19:12] CodeQuest.ERROR: Database query failed: SQLSTATE[42S22]: Column not found: 1054 Unknown column 'c.sort_order' in 'order clause' {"sql":"\n                SELECT c.*, l.title as lesson_title\n                FROM challenges c\n                LEFT JOIN lessons l ON c.lesson_id = l.id\n                ORDER BY c.sort_order, c.id\n            ","params":[]} []
[2025-08-27 21:19:25] CodeQuest.INFO: Appwrite client initialized successfully [] []
[2025-08-27 21:19:25] CodeQuest.INFO: Database connection established successfully [] []
[2025-08-27 21:19:28] CodeQuest.INFO: Appwrite client initialized successfully [] []
[2025-08-27 21:19:28] CodeQuest.INFO: Database connection established successfully [] []
[2025-08-27 21:20:49] CodeQuest.INFO: Appwrite client initialized successfully [] []
[2025-08-27 21:20:49] CodeQuest.INFO: Database connection established successfully [] []
[2025-08-27 21:20:49] CodeQuest.ERROR: Database query failed: SQLSTATE[42S22]: Column not found: 1054 Unknown column 'c.sort_order' in 'order clause' {"sql":"\n                SELECT c.*, l.title as lesson_title\n                FROM challenges c\n                LEFT JOIN lessons l ON c.lesson_id = l.id\n                ORDER BY c.sort_order, c.id\n            ","params":[]} []
[2025-08-27 21:39:49] CodeQuest.INFO: Appwrite client initialized successfully [] []
[2025-08-27 21:39:49] CodeQuest.INFO: Database connection established successfully [] []
[2025-08-27 21:39:55] CodeQuest.INFO: Appwrite client initialized successfully [] []
[2025-08-27 21:39:55] CodeQuest.INFO: Database connection established successfully [] []
[2025-08-27 21:46:09] CodeQuest.INFO: Appwrite client initialized successfully [] []
[2025-08-27 21:46:09] CodeQuest.INFO: Database connection established successfully [] []
[2025-08-27 21:47:06] CodeQuest.INFO: Appwrite client initialized successfully [] []
[2025-08-27 21:47:06] CodeQuest.INFO: Database connection established successfully [] []
[2025-08-27 21:47:09] CodeQuest.INFO: Appwrite client initialized successfully [] []
[2025-08-27 21:47:09] CodeQuest.INFO: Database connection established successfully [] []
[2025-08-27 21:47:18] CodeQuest.INFO: Appwrite client initialized successfully [] []
[2025-08-27 21:47:18] CodeQuest.INFO: Database connection established successfully [] []
[2025-08-27 21:47:18] CodeQuest.ERROR: Database query failed: SQLSTATE[42S22]: Column not found: 1054 Unknown column 'c.sort_order' in 'order clause' {"sql":"\n                SELECT c.*, l.title as lesson_title\n                FROM challenges c\n                LEFT JOIN lessons l ON c.lesson_id = l.id\n                ORDER BY c.sort_order, c.id\n            ","params":[]} []
[2025-08-27 21:47:22] CodeQuest.INFO: Appwrite client initialized successfully [] []
[2025-08-27 21:47:22] CodeQuest.INFO: Database connection established successfully [] []
[2025-08-27 21:47:22] CodeQuest.ERROR: Database query failed: SQLSTATE[42S22]: Column not found: 1054 Unknown column 'c.sort_order' in 'order clause' {"sql":"\n                SELECT c.*, l.title as lesson_title\n                FROM challenges c\n                LEFT JOIN lessons l ON c.lesson_id = l.id\n                ORDER BY c.sort_order, c.id\n            ","params":[]} []
[2025-08-27 21:48:08] CodeQuest.INFO: Appwrite client initialized successfully [] []
[2025-08-27 21:48:08] CodeQuest.INFO: Database connection established successfully [] []
[2025-08-27 21:48:08] CodeQuest.ERROR: Database query failed: SQLSTATE[42S22]: Column not found: 1054 Unknown column 'c.sort_order' in 'order clause' {"sql":"\n                SELECT c.*, l.title as lesson_title\n                FROM challenges c\n                LEFT JOIN lessons l ON c.lesson_id = l.id\n                ORDER BY c.sort_order, c.id\n            ","params":[]} []
[2025-08-27 21:49:21] CodeQuest.INFO: Appwrite client initialized successfully [] []
[2025-08-27 21:49:21] CodeQuest.INFO: Database connection established successfully [] []
[2025-08-27 21:49:29] CodeQuest.INFO: Appwrite client initialized successfully [] []
[2025-08-27 21:49:29] CodeQuest.INFO: Database connection established successfully [] []
[2025-08-27 21:49:33] CodeQuest.INFO: Appwrite client initialized successfully [] []
[2025-08-27 21:49:33] CodeQuest.INFO: Database connection established successfully [] []
[2025-08-27 21:49:33] CodeQuest.ERROR: Database query failed: SQLSTATE[42S22]: Column not found: 1054 Unknown column 'c.sort_order' in 'order clause' {"sql":"\n                SELECT c.*, l.title as lesson_title\n                FROM challenges c\n                LEFT JOIN lessons l ON c.lesson_id = l.id\n                ORDER BY c.sort_order, c.id\n            ","params":[]} []
[2025-08-27 21:56:36] CodeQuest.INFO: Appwrite client initialized successfully [] []
[2025-08-27 21:56:36] CodeQuest.INFO: Database connection established successfully [] []
[2025-08-27 21:56:37] CodeQuest.INFO: Appwrite client initialized successfully [] []
[2025-08-27 21:56:37] CodeQuest.INFO: Database connection established successfully [] []
[2025-08-27 21:57:50] CodeQuest.INFO: Appwrite client initialized successfully [] []
[2025-08-27 21:57:50] CodeQuest.INFO: Database connection established successfully [] []
[2025-08-27 21:57:52] CodeQuest.INFO: Appwrite client initialized successfully [] []
[2025-08-27 21:57:52] CodeQuest.INFO: Database connection established successfully [] []
[2025-08-27 21:57:54] CodeQuest.INFO: Appwrite client initialized successfully [] []
[2025-08-27 21:57:54] CodeQuest.INFO: Database connection established successfully [] []
[2025-08-27 21:57:59] CodeQuest.INFO: Appwrite client initialized successfully [] []
[2025-08-27 21:57:59] CodeQuest.INFO: Database connection established successfully [] []
[2025-08-27 21:58:10] CodeQuest.INFO: Appwrite client initialized successfully [] []
[2025-08-27 21:58:10] CodeQuest.INFO: Database connection established successfully [] []
[2025-08-27 21:58:10] CodeQuest.ERROR: Database query failed: SQLSTATE[42S22]: Column not found: 1054 Unknown column 'c.sort_order' in 'order clause' {"sql":"\n                SELECT c.*, l.title as lesson_title\n                FROM challenges c\n                LEFT JOIN lessons l ON c.lesson_id = l.id\n                ORDER BY c.sort_order, c.id\n            ","params":[]} []
[2025-08-27 22:02:19] CodeQuest.INFO: Appwrite client initialized successfully [] []
[2025-08-27 22:02:19] CodeQuest.INFO: Database connection established successfully [] []
[2025-08-27 22:02:19] CodeQuest.ERROR: Database query failed: SQLSTATE[42S22]: Column not found: 1054 Unknown column 'c.sort_order' in 'order clause' {"sql":"\n                SELECT c.*, l.title as lesson_title\n                FROM challenges c\n                LEFT JOIN lessons l ON c.lesson_id = l.id\n                ORDER BY c.sort_order, c.id\n            ","params":[]} []
[2025-08-27 22:08:43] CodeQuest.INFO: Appwrite client initialized successfully [] []
[2025-08-27 22:08:43] CodeQuest.INFO: Database connection established successfully [] []
[2025-08-27 22:08:43] CodeQuest.ERROR: API Error: Failed to load challenge: Challenge not found [] []
[2025-08-27 22:26:34] CodeQuest.INFO: Appwrite client initialized successfully [] []
[2025-08-27 22:27:07] CodeQuest.INFO: Appwrite client initialized successfully [] []
[2025-08-27 22:39:42] CodeQuest.INFO: Appwrite client initialized successfully [] []
[2025-08-27 22:42:55] CodeQuest.INFO: Appwrite client initialized successfully [] []
[2025-08-27 23:03:47] CodeQuest.INFO: Appwrite client initialized successfully [] []
[2025-08-27 23:04:26] CodeQuest.INFO: Appwrite client initialized successfully [] []
[2025-08-27 23:05:03] CodeQuest.INFO: Appwrite client initialized successfully [] []
[2025-08-27 23:06:31] CodeQuest.INFO: Appwrite client initialized successfully [] []
[2025-08-27 23:08:41] CodeQuest.INFO: Appwrite client initialized successfully [] []
[2025-08-27 23:24:47] CodeQuest.INFO: Appwrite client initialized successfully [] []
[2025-08-27 23:25:51] CodeQuest.INFO: Appwrite client initialized successfully [] []
[2025-08-27 23:28:24] CodeQuest.INFO: Appwrite client initialized successfully [] []
[2025-08-27 23:33:14] CodeQuest.INFO: Appwrite client initialized successfully [] []
[2025-08-27 23:34:40] CodeQuest.INFO: Appwrite client initialized successfully [] []
[2025-08-27 23:36:44] CodeQuest.INFO: Appwrite client initialized successfully [] []
[2025-08-27 23:38:09] CodeQuest.INFO: Appwrite client initialized successfully [] []
[2025-08-27 23:38:09] CodeQuest.INFO: Appwrite client initialized successfully [] []
[2025-08-27 23:46:10] CodeQuest.INFO: Appwrite client initialized successfully [] []
[2025-08-27 23:46:10] CodeQuest.INFO: Appwrite client initialized successfully [] []
[2025-08-27 23:50:57] CodeQuest.INFO: Appwrite client initialized successfully [] []
[2025-08-27 23:50:57] CodeQuest.INFO: Appwrite client initialized successfully [] []
